2025-04-23 10:38:18 [http-nio-8088-exec-10] INFO  com.couple.space.config.WebConfig - 收到请求: GET /api/anniversary/list
2025-04-23 10:38:18 [http-nio-8088-exec-10] INFO  com.couple.space.config.WebConfig - 完整URL: http://10.10.88.224:8088/api/anniversary/list
2025-04-23 10:38:18 [http-nio-8088-exec-10] INFO  com.couple.space.config.WebConfig - 请求参数: null
2025-04-23 10:38:18 [http-nio-8088-exec-10] INFO  com.couple.space.config.WebConfig - 请求头: Origin=null, Referer=https://servicewechat.com/wx83d5b89b7c837584/devtools/page-frame.html
2025-04-23 10:38:18 [http-nio-8088-exec-10] INFO  c.c.s.c.AnniversaryController - 获取纪念日列表
2025-04-23 10:38:18 [http-nio-8088-exec-10] INFO  c.c.s.s.impl.AnniversaryServiceImpl - 获取所有纪念日
2025-04-23 10:38:31 [http-nio-8088-exec-1] INFO  com.couple.space.config.WebConfig - 收到请求: POST /api/anniversary/add
2025-04-23 10:38:31 [http-nio-8088-exec-1] INFO  com.couple.space.config.WebConfig - 完整URL: http://10.10.88.224:8088/api/anniversary/add
2025-04-23 10:38:31 [http-nio-8088-exec-1] INFO  com.couple.space.config.WebConfig - 请求参数: null
2025-04-23 10:38:31 [http-nio-8088-exec-1] INFO  com.couple.space.config.WebConfig - 请求头: Origin=null, Referer=https://servicewechat.com/wx83d5b89b7c837584/devtools/page-frame.html
2025-04-23 10:38:31 [http-nio-8088-exec-1] INFO  c.c.s.c.AnniversaryController - 添加纪念日: null
2025-04-23 10:38:31 [http-nio-8088-exec-1] INFO  c.c.s.s.impl.AnniversaryServiceImpl - 创建纪念日: null
2025-04-23 10:38:31 [http-nio-8088-exec-1] ERROR c.c.s.c.AnniversaryController - 添加纪念日失败: 
### Error updating database.  Cause: java.sql.SQLIntegrityConstraintViolationException: Column 'user_id' cannot be null
### The error may exist in file [F:\web\coupleMiniProgram\project001-backend\target\classes\mapper\AnniversaryMapper.xml]
### The error may involve com.couple.space.mapper.AnniversaryMapper.insert-Inline
### The error occurred while setting parameters
### SQL: INSERT INTO anniversaries (             user_id, name, date, description, is_yearly, is_important, remind, remind_time, created_at, updated_at         ) VALUES (             ?, ?, ?, ?, ?, ?, ?, ?,              ?, ?         )
### Cause: java.sql.SQLIntegrityConstraintViolationException: Column 'user_id' cannot be null
; Column 'user_id' cannot be null; nested exception is java.sql.SQLIntegrityConstraintViolationException: Column 'user_id' cannot be null
2025-04-23 10:38:31 [http-nio-8088-exec-1] WARN  c.c.space.common.ResponseHandler - 业务处理失败: 添加纪念日失败：
### Error updating database.  Cause: java.sql.SQLIntegrityConstraintViolationException: Column 'user_id' cannot be null
### The error may exist in file [F:\web\coupleMiniProgram\project001-backend\target\classes\mapper\AnniversaryMapper.xml]
### The error may involve com.couple.space.mapper.AnniversaryMapper.insert-Inline
### The error occurred while setting parameters
### SQL: INSERT INTO anniversaries (             user_id, name, date, description, is_yearly, is_important, remind, remind_time, created_at, updated_at         ) VALUES (             ?, ?, ?, ?, ?, ?, ?, ?,              ?, ?         )
### Cause: java.sql.SQLIntegrityConstraintViolationException: Column 'user_id' cannot be null
; Column 'user_id' cannot be null; nested exception is java.sql.SQLIntegrityConstraintViolationException: Column 'user_id' cannot be null
2025-04-23 10:50:07 [http-nio-8088-exec-3] INFO  com.couple.space.config.WebConfig - 收到请求: POST /api/users/login
2025-04-23 10:50:07 [http-nio-8088-exec-3] INFO  com.couple.space.config.WebConfig - 完整URL: http://10.10.88.224:8088/api/users/login
2025-04-23 10:50:07 [http-nio-8088-exec-3] INFO  com.couple.space.config.WebConfig - 请求参数: null
2025-04-23 10:50:07 [http-nio-8088-exec-3] INFO  com.couple.space.config.WebConfig - 请求头: Origin=null, Referer=https://servicewechat.com/wx83d5b89b7c837584/devtools/page-frame.html
2025-04-23 10:50:07 [http-nio-8088-exec-4] INFO  com.couple.space.config.WebConfig - 收到请求: GET /api/anniversary/next
2025-04-23 10:50:07 [http-nio-8088-exec-4] INFO  com.couple.space.config.WebConfig - 完整URL: http://10.10.88.224:8088/api/anniversary/next
2025-04-23 10:50:07 [http-nio-8088-exec-4] INFO  com.couple.space.config.WebConfig - 请求参数: null
2025-04-23 10:50:07 [http-nio-8088-exec-4] INFO  com.couple.space.config.WebConfig - 请求头: Origin=null, Referer=https://servicewechat.com/wx83d5b89b7c837584/devtools/page-frame.html
2025-04-23 10:50:07 [http-nio-8088-exec-4] INFO  c.c.s.c.AnniversaryController - 获取下一个纪念日
2025-04-23 10:50:07 [http-nio-8088-exec-4] INFO  c.c.s.s.impl.AnniversaryServiceImpl - 获取所有纪念日
2025-04-23 10:50:07 [http-nio-8088-exec-4] INFO  c.c.s.c.AnniversaryController - 找到下一个纪念日: 领证, 距离还有 43 天
2025-04-23 10:56:16 [main] INFO  com.couple.space.SpaceApplication - Starting SpaceApplication using Java 17.0.9 on MS-BLQVFHVXTRJB with PID 20016 (F:\web\coupleMiniProgram\project001-backend\target\classes started by Administrator in F:\web\coupleMiniProgram\project001-backend)
2025-04-23 10:56:16 [main] INFO  com.couple.space.SpaceApplication - No active profile set, falling back to 1 default profile: "default"
2025-04-23 10:56:17 [main] INFO  o.s.b.w.e.tomcat.TomcatWebServer - Tomcat initialized with port(s): 8088 (http)
2025-04-23 10:56:17 [main] INFO  o.a.c.core.AprLifecycleListener - Loaded Apache Tomcat Native library [2.0.6] using APR version [1.7.4].
2025-04-23 10:56:17 [main] INFO  o.a.c.core.AprLifecycleListener - APR capabilities: IPv6 [true], sendfile [true], accept filters [false], random [true], UDS [true].
2025-04-23 10:56:17 [main] INFO  o.a.c.core.AprLifecycleListener - APR/OpenSSL configuration: useAprConnector [false], useOpenSSL [true]
2025-04-23 10:56:17 [main] INFO  o.a.c.core.AprLifecycleListener - OpenSSL successfully initialized [OpenSSL 3.0.11 19 Sep 2023]
2025-04-23 10:56:17 [main] INFO  o.a.catalina.core.StandardService - Starting service [Tomcat]
2025-04-23 10:56:17 [main] INFO  o.a.catalina.core.StandardEngine - Starting Servlet engine: [Apache Tomcat/9.0.63]
2025-04-23 10:56:17 [main] INFO  o.a.c.c.C.[Tomcat].[localhost].[/] - Initializing Spring embedded WebApplicationContext
2025-04-23 10:56:17 [main] INFO  o.s.b.w.s.c.ServletWebServerApplicationContext - Root WebApplicationContext: initialization completed in 781 ms
2025-04-23 10:56:17 [main] INFO  o.s.s.web.DefaultSecurityFilterChain - Will secure any request with [org.springframework.security.web.session.DisableEncodeUrlFilter@7c241a9f, org.springframework.security.web.context.request.async.WebAsyncManagerIntegrationFilter@58fd1214, org.springframework.security.web.context.SecurityContextPersistenceFilter@6b649efa, org.springframework.security.web.header.HeaderWriterFilter@134f8ef6, org.springframework.web.filter.CorsFilter@7d8cf9ac, org.springframework.security.web.authentication.logout.LogoutFilter@6ecc02bb, com.couple.space.security.JwtAuthenticationFilter@ebe067d, org.springframework.security.web.savedrequest.RequestCacheAwareFilter@36068727, org.springframework.security.web.servletapi.SecurityContextHolderAwareRequestFilter@73afe2b7, org.springframework.security.web.authentication.AnonymousAuthenticationFilter@5f0bab7e, org.springframework.security.web.session.SessionManagementFilter@e700eba, org.springframework.security.web.access.ExceptionTranslationFilter@29a33620, org.springframework.security.web.access.intercept.FilterSecurityInterceptor@3a8cea24]
2025-04-23 10:56:17 [main] INFO  o.s.b.w.e.tomcat.TomcatWebServer - Tomcat started on port(s): 8088 (http) with context path ''
2025-04-23 10:56:17 [main] INFO  com.couple.space.SpaceApplication - Started SpaceApplication in 1.645 seconds (JVM running for 1.86)
2025-04-23 10:56:37 [http-nio-8088-exec-1] INFO  o.a.c.c.C.[Tomcat].[localhost].[/] - Initializing Spring DispatcherServlet 'dispatcherServlet'
2025-04-23 10:56:37 [http-nio-8088-exec-1] INFO  o.s.web.servlet.DispatcherServlet - Initializing Servlet 'dispatcherServlet'
2025-04-23 10:56:37 [http-nio-8088-exec-1] INFO  o.s.web.servlet.DispatcherServlet - Completed initialization in 1 ms
2025-04-23 10:56:37 [http-nio-8088-exec-1] INFO  com.couple.space.config.WebConfig - 收到请求: POST /api/users/login
2025-04-23 10:56:37 [http-nio-8088-exec-1] INFO  com.couple.space.config.WebConfig - 完整URL: http://10.10.88.224:8088/api/users/login
2025-04-23 10:56:37 [http-nio-8088-exec-1] INFO  com.couple.space.config.WebConfig - 请求参数: null
2025-04-23 10:56:37 [http-nio-8088-exec-1] INFO  com.couple.space.config.WebConfig - 请求头: Origin=null, Referer=https://servicewechat.com/wx83d5b89b7c837584/devtools/page-frame.html
2025-04-23 10:56:37 [http-nio-8088-exec-1] INFO  com.zaxxer.hikari.HikariDataSource - HikariPool-1 - Starting...
2025-04-23 10:56:37 [http-nio-8088-exec-1] INFO  com.zaxxer.hikari.HikariDataSource - HikariPool-1 - Start completed.
2025-04-23 10:56:37 [http-nio-8088-exec-1] ERROR c.c.space.controller.UserController - 登录过程中发生错误: class java.lang.String cannot be cast to class org.springframework.security.core.userdetails.UserDetails (java.lang.String is in module java.base of loader 'bootstrap'; org.springframework.security.core.userdetails.UserDetails is in unnamed module of loader 'app')
2025-04-23 10:56:37 [http-nio-8088-exec-1] WARN  c.c.space.common.ResponseHandler - 业务处理失败: 登录失败：class java.lang.String cannot be cast to class org.springframework.security.core.userdetails.UserDetails (java.lang.String is in module java.base of loader 'bootstrap'; org.springframework.security.core.userdetails.UserDetails is in unnamed module of loader 'app')
2025-04-23 11:00:05 [main] INFO  com.couple.space.SpaceApplication - Starting SpaceApplication using Java 17.0.9 on MS-BLQVFHVXTRJB with PID 5848 (F:\web\coupleMiniProgram\project001-backend\target\classes started by Administrator in F:\web\coupleMiniProgram\project001-backend)
2025-04-23 11:00:05 [main] INFO  com.couple.space.SpaceApplication - No active profile set, falling back to 1 default profile: "default"
2025-04-23 11:00:06 [main] INFO  o.s.b.w.e.tomcat.TomcatWebServer - Tomcat initialized with port(s): 8088 (http)
2025-04-23 11:00:06 [main] INFO  o.a.c.core.AprLifecycleListener - Loaded Apache Tomcat Native library [2.0.6] using APR version [1.7.4].
2025-04-23 11:00:06 [main] INFO  o.a.c.core.AprLifecycleListener - APR capabilities: IPv6 [true], sendfile [true], accept filters [false], random [true], UDS [true].
2025-04-23 11:00:06 [main] INFO  o.a.c.core.AprLifecycleListener - APR/OpenSSL configuration: useAprConnector [false], useOpenSSL [true]
2025-04-23 11:00:06 [main] INFO  o.a.c.core.AprLifecycleListener - OpenSSL successfully initialized [OpenSSL 3.0.11 19 Sep 2023]
2025-04-23 11:00:06 [main] INFO  o.a.catalina.core.StandardService - Starting service [Tomcat]
2025-04-23 11:00:06 [main] INFO  o.a.catalina.core.StandardEngine - Starting Servlet engine: [Apache Tomcat/9.0.63]
2025-04-23 11:00:06 [main] INFO  o.a.c.c.C.[Tomcat].[localhost].[/] - Initializing Spring embedded WebApplicationContext
2025-04-23 11:00:06 [main] INFO  o.s.b.w.s.c.ServletWebServerApplicationContext - Root WebApplicationContext: initialization completed in 746 ms
2025-04-23 11:00:07 [main] INFO  o.s.s.web.DefaultSecurityFilterChain - Will secure any request with [org.springframework.security.web.session.DisableEncodeUrlFilter@673e76b3, org.springframework.security.web.context.request.async.WebAsyncManagerIntegrationFilter@1bedc703, org.springframework.security.web.context.SecurityContextPersistenceFilter@6babffb5, org.springframework.security.web.header.HeaderWriterFilter@58a84a12, org.springframework.web.filter.CorsFilter@18d11527, org.springframework.security.web.authentication.logout.LogoutFilter@67bb4dcd, com.couple.space.security.JwtAuthenticationFilter@5befbac1, org.springframework.security.web.savedrequest.RequestCacheAwareFilter@706ceca6, org.springframework.security.web.servletapi.SecurityContextHolderAwareRequestFilter@6a15b73, org.springframework.security.web.authentication.AnonymousAuthenticationFilter@4998e74b, org.springframework.security.web.session.SessionManagementFilter@9687f55, org.springframework.security.web.access.ExceptionTranslationFilter@1fd7a37, org.springframework.security.web.access.intercept.FilterSecurityInterceptor@7d8cf9ac]
2025-04-23 11:00:07 [main] INFO  o.s.b.w.e.tomcat.TomcatWebServer - Tomcat started on port(s): 8088 (http) with context path ''
2025-04-23 11:00:07 [main] INFO  com.couple.space.SpaceApplication - Started SpaceApplication in 1.595 seconds (JVM running for 1.813)
2025-04-23 11:00:26 [http-nio-8088-exec-1] INFO  o.a.c.c.C.[Tomcat].[localhost].[/] - Initializing Spring DispatcherServlet 'dispatcherServlet'
2025-04-23 11:00:26 [http-nio-8088-exec-1] INFO  o.s.web.servlet.DispatcherServlet - Initializing Servlet 'dispatcherServlet'
2025-04-23 11:00:26 [http-nio-8088-exec-1] INFO  o.s.web.servlet.DispatcherServlet - Completed initialization in 1 ms
2025-04-23 11:00:26 [http-nio-8088-exec-1] INFO  com.couple.space.config.WebConfig - 收到请求: POST /api/users/login
2025-04-23 11:00:26 [http-nio-8088-exec-1] INFO  com.couple.space.config.WebConfig - 完整URL: http://10.10.88.224:8088/api/users/login
2025-04-23 11:00:26 [http-nio-8088-exec-1] INFO  com.couple.space.config.WebConfig - 请求参数: null
2025-04-23 11:00:26 [http-nio-8088-exec-1] INFO  com.couple.space.config.WebConfig - 请求头: Origin=null, Referer=https://servicewechat.com/wx83d5b89b7c837584/devtools/page-frame.html
2025-04-23 11:00:26 [http-nio-8088-exec-1] INFO  com.zaxxer.hikari.HikariDataSource - HikariPool-1 - Starting...
2025-04-23 11:00:26 [http-nio-8088-exec-1] INFO  com.zaxxer.hikari.HikariDataSource - HikariPool-1 - Start completed.
2025-04-23 11:00:26 [http-nio-8088-exec-4] INFO  com.couple.space.config.WebConfig - 收到请求: GET /api/anniversary/next
2025-04-23 11:00:26 [http-nio-8088-exec-4] INFO  com.couple.space.config.WebConfig - 完整URL: http://10.10.88.224:8088/api/anniversary/next
2025-04-23 11:00:26 [http-nio-8088-exec-4] INFO  com.couple.space.config.WebConfig - 请求参数: null
2025-04-23 11:00:26 [http-nio-8088-exec-4] INFO  com.couple.space.config.WebConfig - 请求头: Origin=null, Referer=https://servicewechat.com/wx83d5b89b7c837584/devtools/page-frame.html
2025-04-23 11:00:26 [http-nio-8088-exec-4] INFO  c.c.s.c.AnniversaryController - 获取下一个纪念日
2025-04-23 11:00:26 [http-nio-8088-exec-4] INFO  c.c.s.s.impl.AnniversaryServiceImpl - 获取所有纪念日
2025-04-23 11:00:26 [http-nio-8088-exec-4] INFO  c.c.s.c.AnniversaryController - 找到下一个纪念日: 领证, 距离还有 43 天
2025-04-23 11:01:07 [http-nio-8088-exec-6] INFO  com.couple.space.config.WebConfig - 收到请求: GET /api/anniversary/next
2025-04-23 11:01:07 [http-nio-8088-exec-6] INFO  com.couple.space.config.WebConfig - 完整URL: http://10.10.88.224:8088/api/anniversary/next
2025-04-23 11:01:07 [http-nio-8088-exec-6] INFO  com.couple.space.config.WebConfig - 请求参数: null
2025-04-23 11:01:07 [http-nio-8088-exec-6] INFO  com.couple.space.config.WebConfig - 请求头: Origin=null, Referer=https://servicewechat.com/wx83d5b89b7c837584/devtools/page-frame.html
2025-04-23 11:01:07 [http-nio-8088-exec-6] INFO  c.c.s.c.AnniversaryController - 获取下一个纪念日
2025-04-23 11:01:07 [http-nio-8088-exec-6] INFO  c.c.s.s.impl.AnniversaryServiceImpl - 获取所有纪念日
2025-04-23 11:01:07 [http-nio-8088-exec-6] INFO  c.c.s.c.AnniversaryController - 找到下一个纪念日: 领证, 距离还有 43 天
2025-04-23 11:04:04 [http-nio-8088-exec-5] INFO  com.couple.space.config.WebConfig - 收到请求: GET /api/anniversary/next
2025-04-23 11:04:04 [http-nio-8088-exec-5] INFO  com.couple.space.config.WebConfig - 完整URL: http://10.10.88.224:8088/api/anniversary/next
2025-04-23 11:04:04 [http-nio-8088-exec-5] INFO  com.couple.space.config.WebConfig - 请求参数: null
2025-04-23 11:04:04 [http-nio-8088-exec-5] INFO  com.couple.space.config.WebConfig - 请求头: Origin=null, Referer=https://servicewechat.com/wx83d5b89b7c837584/devtools/page-frame.html
2025-04-23 11:04:04 [http-nio-8088-exec-5] INFO  c.c.s.c.AnniversaryController - 获取下一个纪念日
2025-04-23 11:04:04 [http-nio-8088-exec-5] INFO  c.c.s.s.impl.AnniversaryServiceImpl - 获取所有纪念日
2025-04-23 11:04:04 [http-nio-8088-exec-5] INFO  c.c.s.c.AnniversaryController - 找到下一个纪念日: 领证, 距离还有 43 天
2025-04-23 11:05:06 [http-nio-8088-exec-7] INFO  com.couple.space.config.WebConfig - 收到请求: GET /api/anniversary/next
2025-04-23 11:05:06 [http-nio-8088-exec-7] INFO  com.couple.space.config.WebConfig - 完整URL: http://10.10.88.224:8088/api/anniversary/next
2025-04-23 11:05:06 [http-nio-8088-exec-7] INFO  com.couple.space.config.WebConfig - 请求参数: null
2025-04-23 11:05:06 [http-nio-8088-exec-7] INFO  com.couple.space.config.WebConfig - 请求头: Origin=null, Referer=https://servicewechat.com/wx83d5b89b7c837584/devtools/page-frame.html
2025-04-23 11:05:06 [http-nio-8088-exec-7] INFO  c.c.s.c.AnniversaryController - 获取下一个纪念日
2025-04-23 11:05:06 [http-nio-8088-exec-7] INFO  c.c.s.s.impl.AnniversaryServiceImpl - 获取所有纪念日
2025-04-23 11:05:06 [http-nio-8088-exec-7] INFO  c.c.s.c.AnniversaryController - 找到下一个纪念日: 领证, 距离还有 43 天
2025-04-23 11:05:23 [http-nio-8088-exec-8] INFO  com.couple.space.config.WebConfig - 收到请求: GET /api/anniversary/next
2025-04-23 11:05:23 [http-nio-8088-exec-8] INFO  com.couple.space.config.WebConfig - 完整URL: http://10.10.88.224:8088/api/anniversary/next
2025-04-23 11:05:23 [http-nio-8088-exec-8] INFO  com.couple.space.config.WebConfig - 请求参数: null
2025-04-23 11:05:23 [http-nio-8088-exec-8] INFO  com.couple.space.config.WebConfig - 请求头: Origin=null, Referer=https://servicewechat.com/wx83d5b89b7c837584/devtools/page-frame.html
2025-04-23 11:05:23 [http-nio-8088-exec-8] INFO  c.c.s.c.AnniversaryController - 获取下一个纪念日
2025-04-23 11:05:23 [http-nio-8088-exec-8] INFO  c.c.s.s.impl.AnniversaryServiceImpl - 获取所有纪念日
2025-04-23 11:05:23 [http-nio-8088-exec-8] INFO  c.c.s.c.AnniversaryController - 找到下一个纪念日: 领证, 距离还有 43 天
2025-04-23 11:07:01 [http-nio-8088-exec-2] INFO  com.couple.space.config.WebConfig - 收到请求: POST /api/users/login
2025-04-23 11:07:01 [http-nio-8088-exec-2] INFO  com.couple.space.config.WebConfig - 完整URL: http://10.10.88.224:8088/api/users/login
2025-04-23 11:07:01 [http-nio-8088-exec-2] INFO  com.couple.space.config.WebConfig - 请求参数: null
2025-04-23 11:07:01 [http-nio-8088-exec-2] INFO  com.couple.space.config.WebConfig - 请求头: Origin=null, Referer=https://servicewechat.com/wx83d5b89b7c837584/devtools/page-frame.html
2025-04-23 11:07:02 [http-nio-8088-exec-1] INFO  com.couple.space.config.WebConfig - 收到请求: GET /api/anniversary/next
2025-04-23 11:07:02 [http-nio-8088-exec-1] INFO  com.couple.space.config.WebConfig - 完整URL: http://10.10.88.224:8088/api/anniversary/next
2025-04-23 11:07:02 [http-nio-8088-exec-1] INFO  com.couple.space.config.WebConfig - 请求参数: null
2025-04-23 11:07:02 [http-nio-8088-exec-1] INFO  com.couple.space.config.WebConfig - 请求头: Origin=null, Referer=https://servicewechat.com/wx83d5b89b7c837584/devtools/page-frame.html
2025-04-23 11:07:02 [http-nio-8088-exec-1] INFO  c.c.s.c.AnniversaryController - 获取下一个纪念日
2025-04-23 11:07:02 [http-nio-8088-exec-1] INFO  c.c.s.s.impl.AnniversaryServiceImpl - 获取所有纪念日
2025-04-23 11:07:02 [http-nio-8088-exec-1] INFO  c.c.s.c.AnniversaryController - 找到下一个纪念日: 领证, 距离还有 43 天
2025-04-23 11:09:32 [http-nio-8088-exec-6] INFO  com.couple.space.config.WebConfig - 收到请求: GET /api/anniversary/next
2025-04-23 11:09:32 [http-nio-8088-exec-6] INFO  com.couple.space.config.WebConfig - 完整URL: http://10.10.88.224:8088/api/anniversary/next
2025-04-23 11:09:32 [http-nio-8088-exec-6] INFO  com.couple.space.config.WebConfig - 请求参数: null
2025-04-23 11:09:32 [http-nio-8088-exec-6] INFO  com.couple.space.config.WebConfig - 请求头: Origin=null, Referer=https://servicewechat.com/wx83d5b89b7c837584/devtools/page-frame.html
2025-04-23 11:09:32 [http-nio-8088-exec-6] INFO  c.c.s.c.AnniversaryController - 获取下一个纪念日
2025-04-23 11:09:32 [http-nio-8088-exec-6] INFO  c.c.s.s.impl.AnniversaryServiceImpl - 获取所有纪念日
2025-04-23 11:09:32 [http-nio-8088-exec-6] INFO  c.c.s.c.AnniversaryController - 找到下一个纪念日: 领证, 距离还有 43 天
2025-04-23 11:10:22 [http-nio-8088-exec-10] INFO  com.couple.space.config.WebConfig - 收到请求: POST /api/users/login
2025-04-23 11:10:22 [http-nio-8088-exec-10] INFO  com.couple.space.config.WebConfig - 完整URL: http://10.10.88.224:8088/api/users/login
2025-04-23 11:10:22 [http-nio-8088-exec-10] INFO  com.couple.space.config.WebConfig - 请求参数: null
2025-04-23 11:10:22 [http-nio-8088-exec-10] INFO  com.couple.space.config.WebConfig - 请求头: Origin=null, Referer=https://servicewechat.com/wx83d5b89b7c837584/devtools/page-frame.html
2025-04-23 11:10:23 [http-nio-8088-exec-5] INFO  com.couple.space.config.WebConfig - 收到请求: GET /api/anniversary/next
2025-04-23 11:10:23 [http-nio-8088-exec-5] INFO  com.couple.space.config.WebConfig - 完整URL: http://10.10.88.224:8088/api/anniversary/next
2025-04-23 11:10:23 [http-nio-8088-exec-5] INFO  com.couple.space.config.WebConfig - 请求参数: null
2025-04-23 11:10:23 [http-nio-8088-exec-5] INFO  com.couple.space.config.WebConfig - 请求头: Origin=null, Referer=https://servicewechat.com/wx83d5b89b7c837584/devtools/page-frame.html
2025-04-23 11:10:23 [http-nio-8088-exec-5] INFO  c.c.s.c.AnniversaryController - 获取下一个纪念日
2025-04-23 11:10:23 [http-nio-8088-exec-5] INFO  c.c.s.s.impl.AnniversaryServiceImpl - 获取所有纪念日
2025-04-23 11:10:23 [http-nio-8088-exec-5] INFO  c.c.s.c.AnniversaryController - 找到下一个纪念日: 领证, 距离还有 43 天
2025-04-23 11:12:37 [http-nio-8088-exec-7] INFO  com.couple.space.config.WebConfig - 收到请求: GET /api/anniversary/next
2025-04-23 11:12:37 [http-nio-8088-exec-7] INFO  com.couple.space.config.WebConfig - 完整URL: http://10.10.88.224:8088/api/anniversary/next
2025-04-23 11:12:37 [http-nio-8088-exec-7] INFO  com.couple.space.config.WebConfig - 请求参数: null
2025-04-23 11:12:37 [http-nio-8088-exec-7] INFO  com.couple.space.config.WebConfig - 请求头: Origin=null, Referer=https://servicewechat.com/wx83d5b89b7c837584/devtools/page-frame.html
2025-04-23 11:12:37 [http-nio-8088-exec-7] INFO  c.c.s.c.AnniversaryController - 获取下一个纪念日
2025-04-23 11:12:37 [http-nio-8088-exec-7] INFO  c.c.s.s.impl.AnniversaryServiceImpl - 获取所有纪念日
2025-04-23 11:12:37 [http-nio-8088-exec-7] INFO  c.c.s.c.AnniversaryController - 找到下一个纪念日: 领证, 距离还有 43 天
2025-04-23 11:13:41 [http-nio-8088-exec-9] INFO  com.couple.space.config.WebConfig - 收到请求: POST /api/users/login
2025-04-23 11:13:41 [http-nio-8088-exec-9] INFO  com.couple.space.config.WebConfig - 完整URL: http://10.10.88.224:8088/api/users/login
2025-04-23 11:13:41 [http-nio-8088-exec-9] INFO  com.couple.space.config.WebConfig - 请求参数: null
2025-04-23 11:13:41 [http-nio-8088-exec-9] INFO  com.couple.space.config.WebConfig - 请求头: Origin=null, Referer=https://servicewechat.com/wx83d5b89b7c837584/devtools/page-frame.html
2025-04-23 11:13:41 [http-nio-8088-exec-2] INFO  com.couple.space.config.WebConfig - 收到请求: GET /api/anniversary/next
2025-04-23 11:13:41 [http-nio-8088-exec-2] INFO  com.couple.space.config.WebConfig - 完整URL: http://10.10.88.224:8088/api/anniversary/next
2025-04-23 11:13:41 [http-nio-8088-exec-2] INFO  com.couple.space.config.WebConfig - 请求参数: null
2025-04-23 11:13:41 [http-nio-8088-exec-2] INFO  com.couple.space.config.WebConfig - 请求头: Origin=null, Referer=https://servicewechat.com/wx83d5b89b7c837584/devtools/page-frame.html
2025-04-23 11:13:41 [http-nio-8088-exec-2] INFO  c.c.s.c.AnniversaryController - 获取下一个纪念日
2025-04-23 11:13:41 [http-nio-8088-exec-2] INFO  c.c.s.s.impl.AnniversaryServiceImpl - 获取所有纪念日
2025-04-23 11:13:41 [http-nio-8088-exec-2] INFO  c.c.s.c.AnniversaryController - 找到下一个纪念日: 领证, 距离还有 43 天
2025-04-23 11:15:11 [http-nio-8088-exec-4] INFO  com.couple.space.config.WebConfig - 收到请求: POST /api/users/login
2025-04-23 11:15:11 [http-nio-8088-exec-4] INFO  com.couple.space.config.WebConfig - 完整URL: http://10.10.88.224:8088/api/users/login
2025-04-23 11:15:11 [http-nio-8088-exec-4] INFO  com.couple.space.config.WebConfig - 请求参数: null
2025-04-23 11:15:11 [http-nio-8088-exec-4] INFO  com.couple.space.config.WebConfig - 请求头: Origin=null, Referer=https://servicewechat.com/wx83d5b89b7c837584/devtools/page-frame.html
2025-04-23 11:15:12 [http-nio-8088-exec-6] INFO  com.couple.space.config.WebConfig - 收到请求: GET /api/anniversary/next
2025-04-23 11:15:12 [http-nio-8088-exec-6] INFO  com.couple.space.config.WebConfig - 完整URL: http://10.10.88.224:8088/api/anniversary/next
2025-04-23 11:15:12 [http-nio-8088-exec-6] INFO  com.couple.space.config.WebConfig - 请求参数: null
2025-04-23 11:15:12 [http-nio-8088-exec-6] INFO  com.couple.space.config.WebConfig - 请求头: Origin=null, Referer=https://servicewechat.com/wx83d5b89b7c837584/devtools/page-frame.html
2025-04-23 11:15:12 [http-nio-8088-exec-6] INFO  c.c.s.c.AnniversaryController - 获取下一个纪念日
2025-04-23 11:15:12 [http-nio-8088-exec-6] INFO  c.c.s.s.impl.AnniversaryServiceImpl - 获取所有纪念日
2025-04-23 11:15:12 [http-nio-8088-exec-6] INFO  c.c.s.c.AnniversaryController - 找到下一个纪念日: 领证, 距离还有 43 天
2025-04-23 11:19:39 [http-nio-8088-exec-5] INFO  com.couple.space.config.WebConfig - 收到请求: POST /api/users/login
2025-04-23 11:19:39 [http-nio-8088-exec-5] INFO  com.couple.space.config.WebConfig - 完整URL: http://10.10.88.224:8088/api/users/login
2025-04-23 11:19:39 [http-nio-8088-exec-5] INFO  com.couple.space.config.WebConfig - 请求参数: null
2025-04-23 11:19:39 [http-nio-8088-exec-5] INFO  com.couple.space.config.WebConfig - 请求头: Origin=null, Referer=https://servicewechat.com/wx83d5b89b7c837584/devtools/page-frame.html
2025-04-23 11:19:39 [http-nio-8088-exec-3] INFO  com.couple.space.config.WebConfig - 收到请求: GET /api/anniversary/next
2025-04-23 11:19:39 [http-nio-8088-exec-3] INFO  com.couple.space.config.WebConfig - 完整URL: http://10.10.88.224:8088/api/anniversary/next
2025-04-23 11:19:39 [http-nio-8088-exec-3] INFO  com.couple.space.config.WebConfig - 请求参数: null
2025-04-23 11:19:39 [http-nio-8088-exec-3] INFO  com.couple.space.config.WebConfig - 请求头: Origin=null, Referer=https://servicewechat.com/wx83d5b89b7c837584/devtools/page-frame.html
2025-04-23 11:19:39 [http-nio-8088-exec-3] INFO  c.c.s.c.AnniversaryController - 获取下一个纪念日
2025-04-23 11:19:39 [http-nio-8088-exec-3] INFO  c.c.s.s.impl.AnniversaryServiceImpl - 获取所有纪念日
2025-04-23 11:19:39 [http-nio-8088-exec-3] INFO  c.c.s.c.AnniversaryController - 找到下一个纪念日: 领证, 距离还有 43 天
2025-04-23 11:21:38 [http-nio-8088-exec-8] INFO  com.couple.space.config.WebConfig - 收到请求: POST /api/users/login
2025-04-23 11:21:38 [http-nio-8088-exec-8] INFO  com.couple.space.config.WebConfig - 完整URL: http://10.10.88.224:8088/api/users/login
2025-04-23 11:21:38 [http-nio-8088-exec-8] INFO  com.couple.space.config.WebConfig - 请求参数: null
2025-04-23 11:21:38 [http-nio-8088-exec-8] INFO  com.couple.space.config.WebConfig - 请求头: Origin=null, Referer=https://servicewechat.com/wx83d5b89b7c837584/devtools/page-frame.html
2025-04-23 11:21:38 [http-nio-8088-exec-9] INFO  com.couple.space.config.WebConfig - 收到请求: GET /api/anniversary/next
2025-04-23 11:21:38 [http-nio-8088-exec-9] INFO  com.couple.space.config.WebConfig - 完整URL: http://10.10.88.224:8088/api/anniversary/next
2025-04-23 11:21:38 [http-nio-8088-exec-9] INFO  com.couple.space.config.WebConfig - 请求参数: null
2025-04-23 11:21:38 [http-nio-8088-exec-9] INFO  com.couple.space.config.WebConfig - 请求头: Origin=null, Referer=https://servicewechat.com/wx83d5b89b7c837584/devtools/page-frame.html
2025-04-23 11:21:38 [http-nio-8088-exec-9] INFO  c.c.s.c.AnniversaryController - 获取下一个纪念日
2025-04-23 11:21:38 [http-nio-8088-exec-9] INFO  c.c.s.s.impl.AnniversaryServiceImpl - 获取所有纪念日
2025-04-23 11:21:38 [http-nio-8088-exec-9] INFO  c.c.s.c.AnniversaryController - 找到下一个纪念日: 领证, 距离还有 43 天
2025-04-23 11:25:39 [http-nio-8088-exec-1] INFO  com.couple.space.config.WebConfig - 收到请求: GET /api/anniversary/next
2025-04-23 11:25:39 [http-nio-8088-exec-1] INFO  com.couple.space.config.WebConfig - 完整URL: http://10.10.88.224:8088/api/anniversary/next
2025-04-23 11:25:39 [http-nio-8088-exec-1] INFO  com.couple.space.config.WebConfig - 请求参数: null
2025-04-23 11:25:39 [http-nio-8088-exec-1] INFO  com.couple.space.config.WebConfig - 请求头: Origin=null, Referer=https://servicewechat.com/wx83d5b89b7c837584/devtools/page-frame.html
2025-04-23 11:25:39 [http-nio-8088-exec-1] INFO  c.c.s.c.AnniversaryController - 获取下一个纪念日
2025-04-23 11:25:39 [http-nio-8088-exec-1] INFO  c.c.s.s.impl.AnniversaryServiceImpl - 获取所有纪念日
2025-04-23 11:25:39 [http-nio-8088-exec-1] INFO  c.c.s.c.AnniversaryController - 找到下一个纪念日: 领证, 距离还有 43 天
2025-04-23 11:26:42 [http-nio-8088-exec-6] INFO  com.couple.space.config.WebConfig - 收到请求: POST /api/users/login
2025-04-23 11:26:42 [http-nio-8088-exec-6] INFO  com.couple.space.config.WebConfig - 完整URL: http://10.10.88.224:8088/api/users/login
2025-04-23 11:26:42 [http-nio-8088-exec-6] INFO  com.couple.space.config.WebConfig - 请求参数: null
2025-04-23 11:26:42 [http-nio-8088-exec-6] INFO  com.couple.space.config.WebConfig - 请求头: Origin=null, Referer=https://servicewechat.com/wx83d5b89b7c837584/devtools/page-frame.html
2025-04-23 11:26:42 [http-nio-8088-exec-6] WARN  c.c.space.controller.UserController - 用户登录失败: null
2025-04-23 11:26:42 [http-nio-8088-exec-6] WARN  c.c.space.common.ResponseHandler - 业务处理失败: 用户不存在
2025-04-23 11:28:35 [http-nio-8088-exec-5] INFO  com.couple.space.config.WebConfig - 收到请求: POST /api/users/login
2025-04-23 11:28:35 [http-nio-8088-exec-5] INFO  com.couple.space.config.WebConfig - 完整URL: http://10.10.88.224:8088/api/users/login
2025-04-23 11:28:35 [http-nio-8088-exec-5] INFO  com.couple.space.config.WebConfig - 请求参数: null
2025-04-23 11:28:35 [http-nio-8088-exec-5] INFO  com.couple.space.config.WebConfig - 请求头: Origin=null, Referer=https://servicewechat.com/wx83d5b89b7c837584/devtools/page-frame.html
2025-04-23 11:28:35 [http-nio-8088-exec-3] INFO  com.couple.space.config.WebConfig - 收到请求: GET /api/anniversary/next
2025-04-23 11:28:35 [http-nio-8088-exec-3] INFO  com.couple.space.config.WebConfig - 完整URL: http://10.10.88.224:8088/api/anniversary/next
2025-04-23 11:28:35 [http-nio-8088-exec-3] INFO  com.couple.space.config.WebConfig - 请求参数: null
2025-04-23 11:28:35 [http-nio-8088-exec-3] INFO  com.couple.space.config.WebConfig - 请求头: Origin=null, Referer=https://servicewechat.com/wx83d5b89b7c837584/devtools/page-frame.html
2025-04-23 11:28:35 [http-nio-8088-exec-3] INFO  c.c.s.c.AnniversaryController - 获取下一个纪念日
2025-04-23 11:28:35 [http-nio-8088-exec-3] INFO  c.c.s.s.impl.AnniversaryServiceImpl - 获取所有纪念日
2025-04-23 11:28:35 [http-nio-8088-exec-3] INFO  c.c.s.c.AnniversaryController - 找到下一个纪念日: 领证, 距离还有 43 天
2025-04-23 13:51:15 [http-nio-8088-exec-8] INFO  com.couple.space.config.WebConfig - 收到请求: POST /api/users/login
2025-04-23 13:51:15 [http-nio-8088-exec-8] INFO  com.couple.space.config.WebConfig - 完整URL: http://10.10.88.224:8088/api/users/login
2025-04-23 13:51:15 [http-nio-8088-exec-8] INFO  com.couple.space.config.WebConfig - 请求参数: null
2025-04-23 13:51:15 [http-nio-8088-exec-8] INFO  com.couple.space.config.WebConfig - 请求头: Origin=null, Referer=https://servicewechat.com/wx83d5b89b7c837584/devtools/page-frame.html
2025-04-23 13:51:15 [http-nio-8088-exec-9] INFO  com.couple.space.config.WebConfig - 收到请求: GET /api/anniversary/next
2025-04-23 13:51:15 [http-nio-8088-exec-9] INFO  com.couple.space.config.WebConfig - 完整URL: http://10.10.88.224:8088/api/anniversary/next
2025-04-23 13:51:15 [http-nio-8088-exec-9] INFO  com.couple.space.config.WebConfig - 请求参数: null
2025-04-23 13:51:15 [http-nio-8088-exec-9] INFO  com.couple.space.config.WebConfig - 请求头: Origin=null, Referer=https://servicewechat.com/wx83d5b89b7c837584/devtools/page-frame.html
2025-04-23 13:51:15 [http-nio-8088-exec-9] INFO  c.c.s.c.AnniversaryController - 获取下一个纪念日
2025-04-23 13:51:15 [http-nio-8088-exec-9] INFO  c.c.s.s.impl.AnniversaryServiceImpl - 获取所有纪念日
2025-04-23 13:51:15 [http-nio-8088-exec-9] INFO  c.c.s.c.AnniversaryController - 找到下一个纪念日: 领证, 距离还有 43 天
2025-04-23 13:53:33 [http-nio-8088-exec-1] INFO  com.couple.space.config.WebConfig - 收到请求: POST /api/users/login
2025-04-23 13:53:33 [http-nio-8088-exec-1] INFO  com.couple.space.config.WebConfig - 完整URL: http://10.10.88.224:8088/api/users/login
2025-04-23 13:53:33 [http-nio-8088-exec-1] INFO  com.couple.space.config.WebConfig - 请求参数: null
2025-04-23 13:53:33 [http-nio-8088-exec-1] INFO  com.couple.space.config.WebConfig - 请求头: Origin=null, Referer=https://servicewechat.com/wx83d5b89b7c837584/devtools/page-frame.html
2025-04-23 13:55:48 [http-nio-8088-exec-6] INFO  com.couple.space.config.WebConfig - 收到请求: POST /api/users/login
2025-04-23 13:55:48 [http-nio-8088-exec-6] INFO  com.couple.space.config.WebConfig - 完整URL: http://10.10.88.224:8088/api/users/login
2025-04-23 13:55:48 [http-nio-8088-exec-6] INFO  com.couple.space.config.WebConfig - 请求参数: null
2025-04-23 13:55:48 [http-nio-8088-exec-6] INFO  com.couple.space.config.WebConfig - 请求头: Origin=null, Referer=https://servicewechat.com/wx83d5b89b7c837584/devtools/page-frame.html
2025-04-23 13:55:49 [http-nio-8088-exec-10] INFO  com.couple.space.config.WebConfig - 收到请求: GET /api/anniversary/next
2025-04-23 13:55:49 [http-nio-8088-exec-10] INFO  com.couple.space.config.WebConfig - 完整URL: http://10.10.88.224:8088/api/anniversary/next
2025-04-23 13:55:49 [http-nio-8088-exec-10] INFO  com.couple.space.config.WebConfig - 请求参数: null
2025-04-23 13:55:49 [http-nio-8088-exec-10] INFO  com.couple.space.config.WebConfig - 请求头: Origin=null, Referer=https://servicewechat.com/wx83d5b89b7c837584/devtools/page-frame.html
2025-04-23 13:55:49 [http-nio-8088-exec-10] INFO  c.c.s.c.AnniversaryController - 获取下一个纪念日
2025-04-23 13:55:49 [http-nio-8088-exec-10] INFO  c.c.s.s.impl.AnniversaryServiceImpl - 获取所有纪念日
2025-04-23 13:55:49 [http-nio-8088-exec-10] INFO  c.c.s.c.AnniversaryController - 找到下一个纪念日: 领证, 距离还有 43 天
2025-04-23 13:55:59 [http-nio-8088-exec-5] INFO  com.couple.space.config.WebConfig - 收到请求: GET /api/anniversary/next
2025-04-23 13:55:59 [http-nio-8088-exec-5] INFO  com.couple.space.config.WebConfig - 完整URL: http://10.10.88.224:8088/api/anniversary/next
2025-04-23 13:55:59 [http-nio-8088-exec-5] INFO  com.couple.space.config.WebConfig - 请求参数: null
2025-04-23 13:55:59 [http-nio-8088-exec-5] INFO  com.couple.space.config.WebConfig - 请求头: Origin=null, Referer=https://servicewechat.com/wx83d5b89b7c837584/devtools/page-frame.html
2025-04-23 13:55:59 [http-nio-8088-exec-5] INFO  c.c.s.c.AnniversaryController - 获取下一个纪念日
2025-04-23 13:55:59 [http-nio-8088-exec-5] INFO  c.c.s.s.impl.AnniversaryServiceImpl - 获取所有纪念日
2025-04-23 13:55:59 [http-nio-8088-exec-5] INFO  c.c.s.c.AnniversaryController - 找到下一个纪念日: 领证, 距离还有 43 天
2025-04-23 13:57:11 [http-nio-8088-exec-7] INFO  com.couple.space.config.WebConfig - 收到请求: GET /api/anniversary/next
2025-04-23 13:57:11 [http-nio-8088-exec-7] INFO  com.couple.space.config.WebConfig - 完整URL: http://10.10.88.224:8088/api/anniversary/next
2025-04-23 13:57:11 [http-nio-8088-exec-7] INFO  com.couple.space.config.WebConfig - 请求参数: null
2025-04-23 13:57:11 [http-nio-8088-exec-7] INFO  com.couple.space.config.WebConfig - 请求头: Origin=null, Referer=https://servicewechat.com/wx83d5b89b7c837584/devtools/page-frame.html
2025-04-23 13:57:11 [http-nio-8088-exec-7] INFO  c.c.s.c.AnniversaryController - 获取下一个纪念日
2025-04-23 13:57:11 [http-nio-8088-exec-7] INFO  c.c.s.s.impl.AnniversaryServiceImpl - 获取所有纪念日
2025-04-23 13:57:11 [http-nio-8088-exec-7] INFO  c.c.s.c.AnniversaryController - 找到下一个纪念日: 领证, 距离还有 43 天
2025-04-23 13:57:17 [http-nio-8088-exec-8] INFO  com.couple.space.config.WebConfig - 收到请求: GET /api/anniversary/list
2025-04-23 13:57:17 [http-nio-8088-exec-8] INFO  com.couple.space.config.WebConfig - 完整URL: http://10.10.88.224:8088/api/anniversary/list
2025-04-23 13:57:17 [http-nio-8088-exec-8] INFO  com.couple.space.config.WebConfig - 请求参数: null
2025-04-23 13:57:17 [http-nio-8088-exec-8] INFO  com.couple.space.config.WebConfig - 请求头: Origin=null, Referer=https://servicewechat.com/wx83d5b89b7c837584/devtools/page-frame.html
2025-04-23 13:57:17 [http-nio-8088-exec-8] INFO  c.c.s.c.AnniversaryController - 获取纪念日列表
2025-04-23 13:57:17 [http-nio-8088-exec-8] INFO  c.c.s.s.impl.AnniversaryServiceImpl - 获取所有纪念日
2025-04-23 13:58:03 [http-nio-8088-exec-9] INFO  com.couple.space.config.WebConfig - 收到请求: GET /api/api/anniversary/list
2025-04-23 13:58:03 [http-nio-8088-exec-9] INFO  com.couple.space.config.WebConfig - 完整URL: http://10.10.88.224:8088/api/api/anniversary/list
2025-04-23 13:58:03 [http-nio-8088-exec-9] INFO  com.couple.space.config.WebConfig - 请求参数: null
2025-04-23 13:58:03 [http-nio-8088-exec-9] INFO  com.couple.space.config.WebConfig - 请求头: Origin=null, Referer=https://servicewechat.com/wx83d5b89b7c837584/devtools/page-frame.html
2025-04-23 13:58:03 [http-nio-8088-exec-9] INFO  com.couple.space.config.WebConfig - 收到请求: GET /error
2025-04-23 13:58:03 [http-nio-8088-exec-9] INFO  com.couple.space.config.WebConfig - 完整URL: http://10.10.88.224:8088/error
2025-04-23 13:58:03 [http-nio-8088-exec-9] INFO  com.couple.space.config.WebConfig - 请求参数: null
2025-04-23 13:58:03 [http-nio-8088-exec-9] INFO  com.couple.space.config.WebConfig - 请求头: Origin=null, Referer=https://servicewechat.com/wx83d5b89b7c837584/devtools/page-frame.html
2025-04-23 13:58:18 [http-nio-8088-exec-2] INFO  com.couple.space.config.WebConfig - 收到请求: GET /api/anniversary/next
2025-04-23 13:58:18 [http-nio-8088-exec-2] INFO  com.couple.space.config.WebConfig - 完整URL: http://10.10.88.224:8088/api/anniversary/next
2025-04-23 13:58:18 [http-nio-8088-exec-2] INFO  com.couple.space.config.WebConfig - 请求参数: null
2025-04-23 13:58:18 [http-nio-8088-exec-2] INFO  com.couple.space.config.WebConfig - 请求头: Origin=null, Referer=https://servicewechat.com/wx83d5b89b7c837584/devtools/page-frame.html
2025-04-23 13:58:18 [http-nio-8088-exec-2] INFO  c.c.s.c.AnniversaryController - 获取下一个纪念日
2025-04-23 13:58:18 [http-nio-8088-exec-2] INFO  c.c.s.s.impl.AnniversaryServiceImpl - 获取所有纪念日
2025-04-23 13:58:18 [http-nio-8088-exec-2] INFO  c.c.s.c.AnniversaryController - 找到下一个纪念日: 领证, 距离还有 43 天
2025-04-23 13:58:22 [http-nio-8088-exec-1] INFO  com.couple.space.config.WebConfig - 收到请求: GET /api/api/anniversary/list
2025-04-23 13:58:22 [http-nio-8088-exec-1] INFO  com.couple.space.config.WebConfig - 完整URL: http://10.10.88.224:8088/api/api/anniversary/list
2025-04-23 13:58:22 [http-nio-8088-exec-1] INFO  com.couple.space.config.WebConfig - 请求参数: null
2025-04-23 13:58:22 [http-nio-8088-exec-1] INFO  com.couple.space.config.WebConfig - 请求头: Origin=null, Referer=https://servicewechat.com/wx83d5b89b7c837584/devtools/page-frame.html
2025-04-23 13:58:22 [http-nio-8088-exec-1] INFO  com.couple.space.config.WebConfig - 收到请求: GET /error
2025-04-23 13:58:22 [http-nio-8088-exec-1] INFO  com.couple.space.config.WebConfig - 完整URL: http://10.10.88.224:8088/error
2025-04-23 13:58:22 [http-nio-8088-exec-1] INFO  com.couple.space.config.WebConfig - 请求参数: null
2025-04-23 13:58:22 [http-nio-8088-exec-1] INFO  com.couple.space.config.WebConfig - 请求头: Origin=null, Referer=https://servicewechat.com/wx83d5b89b7c837584/devtools/page-frame.html
2025-04-23 13:58:54 [http-nio-8088-exec-4] INFO  com.couple.space.config.WebConfig - 收到请求: GET /api/anniversary/list
2025-04-23 13:58:54 [http-nio-8088-exec-4] INFO  com.couple.space.config.WebConfig - 完整URL: http://10.10.88.224:8088/api/anniversary/list
2025-04-23 13:58:54 [http-nio-8088-exec-4] INFO  com.couple.space.config.WebConfig - 请求参数: null
2025-04-23 13:58:54 [http-nio-8088-exec-4] INFO  com.couple.space.config.WebConfig - 请求头: Origin=null, Referer=https://servicewechat.com/wx83d5b89b7c837584/devtools/page-frame.html
2025-04-23 13:58:54 [http-nio-8088-exec-4] INFO  c.c.s.c.AnniversaryController - 获取纪念日列表
2025-04-23 13:58:54 [http-nio-8088-exec-4] INFO  c.c.s.s.impl.AnniversaryServiceImpl - 获取所有纪念日
2025-04-23 13:59:07 [http-nio-8088-exec-6] INFO  com.couple.space.config.WebConfig - 收到请求: GET /api/anniversary/next
2025-04-23 13:59:07 [http-nio-8088-exec-6] INFO  com.couple.space.config.WebConfig - 完整URL: http://10.10.88.224:8088/api/anniversary/next
2025-04-23 13:59:07 [http-nio-8088-exec-6] INFO  com.couple.space.config.WebConfig - 请求参数: null
2025-04-23 13:59:07 [http-nio-8088-exec-6] INFO  com.couple.space.config.WebConfig - 请求头: Origin=null, Referer=https://servicewechat.com/wx83d5b89b7c837584/devtools/page-frame.html
2025-04-23 13:59:07 [http-nio-8088-exec-6] INFO  c.c.s.c.AnniversaryController - 获取下一个纪念日
2025-04-23 13:59:07 [http-nio-8088-exec-6] INFO  c.c.s.s.impl.AnniversaryServiceImpl - 获取所有纪念日
2025-04-23 13:59:07 [http-nio-8088-exec-6] INFO  c.c.s.c.AnniversaryController - 找到下一个纪念日: 领证, 距离还有 43 天
2025-04-23 13:59:10 [http-nio-8088-exec-10] INFO  com.couple.space.config.WebConfig - 收到请求: GET /api/anniversary/list
2025-04-23 13:59:10 [http-nio-8088-exec-10] INFO  com.couple.space.config.WebConfig - 完整URL: http://10.10.88.224:8088/api/anniversary/list
2025-04-23 13:59:10 [http-nio-8088-exec-10] INFO  com.couple.space.config.WebConfig - 请求参数: null
2025-04-23 13:59:10 [http-nio-8088-exec-10] INFO  com.couple.space.config.WebConfig - 请求头: Origin=null, Referer=https://servicewechat.com/wx83d5b89b7c837584/devtools/page-frame.html
2025-04-23 13:59:10 [http-nio-8088-exec-10] INFO  c.c.s.c.AnniversaryController - 获取纪念日列表
2025-04-23 13:59:10 [http-nio-8088-exec-10] INFO  c.c.s.s.impl.AnniversaryServiceImpl - 获取所有纪念日
2025-04-23 13:59:53 [http-nio-8088-exec-5] INFO  com.couple.space.config.WebConfig - 收到请求: GET /api/anniversary/list
2025-04-23 13:59:53 [http-nio-8088-exec-5] INFO  com.couple.space.config.WebConfig - 完整URL: http://10.10.88.224:8088/api/anniversary/list
2025-04-23 13:59:53 [http-nio-8088-exec-5] INFO  com.couple.space.config.WebConfig - 请求参数: null
2025-04-23 13:59:53 [http-nio-8088-exec-5] INFO  com.couple.space.config.WebConfig - 请求头: Origin=null, Referer=https://servicewechat.com/wx83d5b89b7c837584/devtools/page-frame.html
2025-04-23 13:59:53 [http-nio-8088-exec-5] INFO  c.c.s.c.AnniversaryController - 获取纪念日列表
2025-04-23 13:59:53 [http-nio-8088-exec-5] INFO  c.c.s.s.impl.AnniversaryServiceImpl - 获取所有纪念日
2025-04-23 14:00:21 [http-nio-8088-exec-3] INFO  com.couple.space.config.WebConfig - 收到请求: POST /api/anniversary/add
2025-04-23 14:00:21 [http-nio-8088-exec-3] INFO  com.couple.space.config.WebConfig - 完整URL: http://10.10.88.224:8088/api/anniversary/add
2025-04-23 14:00:21 [http-nio-8088-exec-3] INFO  com.couple.space.config.WebConfig - 请求参数: null
2025-04-23 14:00:21 [http-nio-8088-exec-3] INFO  com.couple.space.config.WebConfig - 请求头: Origin=null, Referer=https://servicewechat.com/wx83d5b89b7c837584/devtools/page-frame.html
2025-04-23 14:00:21 [http-nio-8088-exec-3] INFO  c.c.s.c.AnniversaryController - 添加纪念日: null
2025-04-23 14:00:21 [http-nio-8088-exec-3] INFO  c.c.s.s.impl.AnniversaryServiceImpl - 创建纪念日: null
2025-04-23 14:00:21 [http-nio-8088-exec-3] ERROR c.c.s.c.AnniversaryController - 添加纪念日失败: 
### Error updating database.  Cause: java.sql.SQLIntegrityConstraintViolationException: Column 'user_id' cannot be null
### The error may exist in file [F:\web\coupleMiniProgram\project001-backend\target\classes\mapper\AnniversaryMapper.xml]
### The error may involve com.couple.space.mapper.AnniversaryMapper.insert-Inline
### The error occurred while setting parameters
### SQL: INSERT INTO anniversaries (             user_id, name, date, description, is_yearly, is_important, remind, remind_time, created_at, updated_at         ) VALUES (             ?, ?, ?, ?, ?, ?, ?, ?,              ?, ?         )
### Cause: java.sql.SQLIntegrityConstraintViolationException: Column 'user_id' cannot be null
; Column 'user_id' cannot be null; nested exception is java.sql.SQLIntegrityConstraintViolationException: Column 'user_id' cannot be null
2025-04-23 14:00:21 [http-nio-8088-exec-3] WARN  c.c.space.common.ResponseHandler - 业务处理失败: 添加纪念日失败：
### Error updating database.  Cause: java.sql.SQLIntegrityConstraintViolationException: Column 'user_id' cannot be null
### The error may exist in file [F:\web\coupleMiniProgram\project001-backend\target\classes\mapper\AnniversaryMapper.xml]
### The error may involve com.couple.space.mapper.AnniversaryMapper.insert-Inline
### The error occurred while setting parameters
### SQL: INSERT INTO anniversaries (             user_id, name, date, description, is_yearly, is_important, remind, remind_time, created_at, updated_at         ) VALUES (             ?, ?, ?, ?, ?, ?, ?, ?,              ?, ?         )
### Cause: java.sql.SQLIntegrityConstraintViolationException: Column 'user_id' cannot be null
; Column 'user_id' cannot be null; nested exception is java.sql.SQLIntegrityConstraintViolationException: Column 'user_id' cannot be null
2025-04-23 14:00:56 [http-nio-8088-exec-7] INFO  com.couple.space.config.WebConfig - 收到请求: GET /api/anniversary/list
2025-04-23 14:00:56 [http-nio-8088-exec-7] INFO  com.couple.space.config.WebConfig - 完整URL: http://10.10.88.224:8088/api/anniversary/list
2025-04-23 14:00:56 [http-nio-8088-exec-7] INFO  com.couple.space.config.WebConfig - 请求参数: null
2025-04-23 14:00:56 [http-nio-8088-exec-7] INFO  com.couple.space.config.WebConfig - 请求头: Origin=null, Referer=https://servicewechat.com/wx83d5b89b7c837584/devtools/page-frame.html
2025-04-23 14:00:56 [http-nio-8088-exec-7] INFO  c.c.s.c.AnniversaryController - 获取纪念日列表
2025-04-23 14:00:56 [http-nio-8088-exec-7] INFO  c.c.s.s.impl.AnniversaryServiceImpl - 获取所有纪念日
2025-04-23 14:02:25 [http-nio-8088-exec-9] INFO  com.couple.space.config.WebConfig - 收到请求: GET /api/anniversary/list
2025-04-23 14:02:25 [http-nio-8088-exec-9] INFO  com.couple.space.config.WebConfig - 完整URL: http://10.10.88.224:8088/api/anniversary/list
2025-04-23 14:02:25 [http-nio-8088-exec-9] INFO  com.couple.space.config.WebConfig - 请求参数: null
2025-04-23 14:02:25 [http-nio-8088-exec-9] INFO  com.couple.space.config.WebConfig - 请求头: Origin=null, Referer=https://servicewechat.com/wx83d5b89b7c837584/devtools/page-frame.html
2025-04-23 14:02:25 [http-nio-8088-exec-9] INFO  c.c.s.c.AnniversaryController - 获取纪念日列表
2025-04-23 14:02:25 [http-nio-8088-exec-9] INFO  c.c.s.s.impl.AnniversaryServiceImpl - 获取所有纪念日
2025-04-23 14:02:58 [http-nio-8088-exec-2] INFO  com.couple.space.config.WebConfig - 收到请求: GET /api/anniversary/next
2025-04-23 14:02:58 [http-nio-8088-exec-2] INFO  com.couple.space.config.WebConfig - 完整URL: http://10.10.88.224:8088/api/anniversary/next
2025-04-23 14:02:58 [http-nio-8088-exec-2] INFO  com.couple.space.config.WebConfig - 请求参数: null
2025-04-23 14:02:58 [http-nio-8088-exec-2] INFO  com.couple.space.config.WebConfig - 请求头: Origin=null, Referer=https://servicewechat.com/wx83d5b89b7c837584/devtools/page-frame.html
2025-04-23 14:02:58 [http-nio-8088-exec-2] INFO  c.c.s.c.AnniversaryController - 获取下一个纪念日
2025-04-23 14:02:58 [http-nio-8088-exec-2] INFO  c.c.s.s.impl.AnniversaryServiceImpl - 获取所有纪念日
2025-04-23 14:02:58 [http-nio-8088-exec-2] INFO  c.c.s.c.AnniversaryController - 找到下一个纪念日: 领证, 距离还有 43 天
2025-04-23 14:03:00 [http-nio-8088-exec-1] INFO  com.couple.space.config.WebConfig - 收到请求: GET /api/anniversary/list
2025-04-23 14:03:00 [http-nio-8088-exec-1] INFO  com.couple.space.config.WebConfig - 完整URL: http://10.10.88.224:8088/api/anniversary/list
2025-04-23 14:03:00 [http-nio-8088-exec-1] INFO  com.couple.space.config.WebConfig - 请求参数: null
2025-04-23 14:03:00 [http-nio-8088-exec-1] INFO  com.couple.space.config.WebConfig - 请求头: Origin=null, Referer=https://servicewechat.com/wx83d5b89b7c837584/devtools/page-frame.html
2025-04-23 14:03:00 [http-nio-8088-exec-1] INFO  c.c.s.c.AnniversaryController - 获取纪念日列表
2025-04-23 14:03:00 [http-nio-8088-exec-1] INFO  c.c.s.s.impl.AnniversaryServiceImpl - 获取所有纪念日
2025-04-23 14:03:08 [http-nio-8088-exec-4] INFO  com.couple.space.config.WebConfig - 收到请求: POST /api/anniversary/add
2025-04-23 14:03:08 [http-nio-8088-exec-4] INFO  com.couple.space.config.WebConfig - 完整URL: http://10.10.88.224:8088/api/anniversary/add
2025-04-23 14:03:08 [http-nio-8088-exec-4] INFO  com.couple.space.config.WebConfig - 请求参数: null
2025-04-23 14:03:08 [http-nio-8088-exec-4] INFO  com.couple.space.config.WebConfig - 请求头: Origin=null, Referer=https://servicewechat.com/wx83d5b89b7c837584/devtools/page-frame.html
2025-04-23 14:03:08 [http-nio-8088-exec-4] INFO  c.c.s.c.AnniversaryController - 添加纪念日: null
2025-04-23 14:03:08 [http-nio-8088-exec-4] INFO  c.c.s.s.impl.AnniversaryServiceImpl - 创建纪念日: null
2025-04-23 14:03:09 [http-nio-8088-exec-4] ERROR c.c.s.c.AnniversaryController - 添加纪念日失败: 
### Error updating database.  Cause: java.sql.SQLIntegrityConstraintViolationException: Column 'user_id' cannot be null
### The error may exist in file [F:\web\coupleMiniProgram\project001-backend\target\classes\mapper\AnniversaryMapper.xml]
### The error may involve com.couple.space.mapper.AnniversaryMapper.insert-Inline
### The error occurred while setting parameters
### SQL: INSERT INTO anniversaries (             user_id, name, date, description, is_yearly, is_important, remind, remind_time, created_at, updated_at         ) VALUES (             ?, ?, ?, ?, ?, ?, ?, ?,              ?, ?         )
### Cause: java.sql.SQLIntegrityConstraintViolationException: Column 'user_id' cannot be null
; Column 'user_id' cannot be null; nested exception is java.sql.SQLIntegrityConstraintViolationException: Column 'user_id' cannot be null
2025-04-23 14:03:09 [http-nio-8088-exec-4] WARN  c.c.space.common.ResponseHandler - 业务处理失败: 添加纪念日失败：
### Error updating database.  Cause: java.sql.SQLIntegrityConstraintViolationException: Column 'user_id' cannot be null
### The error may exist in file [F:\web\coupleMiniProgram\project001-backend\target\classes\mapper\AnniversaryMapper.xml]
### The error may involve com.couple.space.mapper.AnniversaryMapper.insert-Inline
### The error occurred while setting parameters
### SQL: INSERT INTO anniversaries (             user_id, name, date, description, is_yearly, is_important, remind, remind_time, created_at, updated_at         ) VALUES (             ?, ?, ?, ?, ?, ?, ?, ?,              ?, ?         )
### Cause: java.sql.SQLIntegrityConstraintViolationException: Column 'user_id' cannot be null
; Column 'user_id' cannot be null; nested exception is java.sql.SQLIntegrityConstraintViolationException: Column 'user_id' cannot be null
2025-04-23 14:05:37 [http-nio-8088-exec-10] INFO  com.couple.space.config.WebConfig - 收到请求: GET /api/anniversary/list
2025-04-23 14:05:37 [http-nio-8088-exec-10] INFO  com.couple.space.config.WebConfig - 完整URL: http://10.10.88.224:8088/api/anniversary/list
2025-04-23 14:05:37 [http-nio-8088-exec-10] INFO  com.couple.space.config.WebConfig - 请求参数: null
2025-04-23 14:05:37 [http-nio-8088-exec-10] INFO  com.couple.space.config.WebConfig - 请求头: Origin=null, Referer=https://servicewechat.com/wx83d5b89b7c837584/devtools/page-frame.html
2025-04-23 14:05:37 [http-nio-8088-exec-10] INFO  c.c.s.c.AnniversaryController - 获取纪念日列表
2025-04-23 14:05:37 [http-nio-8088-exec-10] INFO  c.c.s.s.impl.AnniversaryServiceImpl - 获取所有纪念日
2025-04-23 14:09:39 [main] INFO  com.couple.space.SpaceApplication - Starting SpaceApplication using Java 17.0.9 on MS-BLQVFHVXTRJB with PID 11044 (F:\web\coupleMiniProgram\project001-backend\target\classes started by Administrator in F:\web\coupleMiniProgram\project001-backend)
2025-04-23 14:09:39 [main] INFO  com.couple.space.SpaceApplication - No active profile set, falling back to 1 default profile: "default"
2025-04-23 14:09:39 [main] INFO  o.s.b.w.e.tomcat.TomcatWebServer - Tomcat initialized with port(s): 8088 (http)
2025-04-23 14:09:39 [main] INFO  o.a.c.core.AprLifecycleListener - Loaded Apache Tomcat Native library [2.0.6] using APR version [1.7.4].
2025-04-23 14:09:39 [main] INFO  o.a.c.core.AprLifecycleListener - APR capabilities: IPv6 [true], sendfile [true], accept filters [false], random [true], UDS [true].
2025-04-23 14:09:39 [main] INFO  o.a.c.core.AprLifecycleListener - APR/OpenSSL configuration: useAprConnector [false], useOpenSSL [true]
2025-04-23 14:09:39 [main] INFO  o.a.c.core.AprLifecycleListener - OpenSSL successfully initialized [OpenSSL 3.0.11 19 Sep 2023]
2025-04-23 14:09:39 [main] INFO  o.a.catalina.core.StandardService - Starting service [Tomcat]
2025-04-23 14:09:39 [main] INFO  o.a.catalina.core.StandardEngine - Starting Servlet engine: [Apache Tomcat/9.0.63]
2025-04-23 14:09:39 [main] INFO  o.a.c.c.C.[Tomcat].[localhost].[/] - Initializing Spring embedded WebApplicationContext
2025-04-23 14:09:39 [main] INFO  o.s.b.w.s.c.ServletWebServerApplicationContext - Root WebApplicationContext: initialization completed in 763 ms
2025-04-23 14:09:40 [main] INFO  o.s.s.web.DefaultSecurityFilterChain - Will secure any request with [org.springframework.security.web.session.DisableEncodeUrlFilter@673e76b3, org.springframework.security.web.context.request.async.WebAsyncManagerIntegrationFilter@1bedc703, org.springframework.security.web.context.SecurityContextPersistenceFilter@6babffb5, org.springframework.security.web.header.HeaderWriterFilter@58a84a12, org.springframework.web.filter.CorsFilter@18d11527, org.springframework.security.web.authentication.logout.LogoutFilter@67bb4dcd, com.couple.space.security.JwtAuthenticationFilter@5befbac1, org.springframework.security.web.savedrequest.RequestCacheAwareFilter@706ceca6, org.springframework.security.web.servletapi.SecurityContextHolderAwareRequestFilter@6a15b73, org.springframework.security.web.authentication.AnonymousAuthenticationFilter@4998e74b, org.springframework.security.web.session.SessionManagementFilter@9687f55, org.springframework.security.web.access.ExceptionTranslationFilter@1fd7a37, org.springframework.security.web.access.intercept.FilterSecurityInterceptor@7d8cf9ac]
2025-04-23 14:09:40 [main] INFO  o.s.b.w.e.tomcat.TomcatWebServer - Tomcat started on port(s): 8088 (http) with context path ''
2025-04-23 14:09:40 [main] INFO  com.couple.space.SpaceApplication - Started SpaceApplication in 1.605 seconds (JVM running for 1.816)
2025-04-23 14:09:46 [http-nio-8088-exec-1] INFO  o.a.c.c.C.[Tomcat].[localhost].[/] - Initializing Spring DispatcherServlet 'dispatcherServlet'
2025-04-23 14:09:46 [http-nio-8088-exec-1] INFO  o.s.web.servlet.DispatcherServlet - Initializing Servlet 'dispatcherServlet'
2025-04-23 14:09:46 [http-nio-8088-exec-1] INFO  o.s.web.servlet.DispatcherServlet - Completed initialization in 2 ms
2025-04-23 14:09:46 [http-nio-8088-exec-1] INFO  com.couple.space.config.WebConfig - 收到请求: GET /api/anniversary/next
2025-04-23 14:09:46 [http-nio-8088-exec-1] INFO  com.couple.space.config.WebConfig - 完整URL: http://10.10.88.224:8088/api/anniversary/next
2025-04-23 14:09:46 [http-nio-8088-exec-1] INFO  com.couple.space.config.WebConfig - 请求参数: null
2025-04-23 14:09:46 [http-nio-8088-exec-1] INFO  com.couple.space.config.WebConfig - 请求头: Origin=null, Referer=https://servicewechat.com/wx83d5b89b7c837584/devtools/page-frame.html
2025-04-23 14:09:46 [http-nio-8088-exec-1] INFO  c.c.s.c.AnniversaryController - 获取下一个纪念日
2025-04-23 14:09:46 [http-nio-8088-exec-1] INFO  c.c.s.s.impl.AnniversaryServiceImpl - 获取所有纪念日
2025-04-23 14:09:46 [http-nio-8088-exec-1] INFO  com.zaxxer.hikari.HikariDataSource - HikariPool-1 - Starting...
2025-04-23 14:09:46 [http-nio-8088-exec-1] INFO  com.zaxxer.hikari.HikariDataSource - HikariPool-1 - Start completed.
2025-04-23 14:09:46 [http-nio-8088-exec-1] INFO  c.c.s.c.AnniversaryController - 找到下一个纪念日: 领证, 距离还有 43 天
2025-04-23 14:11:32 [http-nio-8088-exec-7] INFO  com.couple.space.config.WebConfig - 收到请求: GET /api/anniversary/next
2025-04-23 14:11:32 [http-nio-8088-exec-7] INFO  com.couple.space.config.WebConfig - 完整URL: http://10.10.88.224:8088/api/anniversary/next
2025-04-23 14:11:32 [http-nio-8088-exec-7] INFO  com.couple.space.config.WebConfig - 请求参数: null
2025-04-23 14:11:32 [http-nio-8088-exec-7] INFO  com.couple.space.config.WebConfig - 请求头: Origin=null, Referer=https://servicewechat.com/wx83d5b89b7c837584/devtools/page-frame.html
2025-04-23 14:11:32 [http-nio-8088-exec-7] INFO  c.c.s.c.AnniversaryController - 获取下一个纪念日
2025-04-23 14:11:32 [http-nio-8088-exec-7] INFO  c.c.s.s.impl.AnniversaryServiceImpl - 获取所有纪念日
2025-04-23 14:11:32 [http-nio-8088-exec-7] INFO  c.c.s.c.AnniversaryController - 找到下一个纪念日: 领证, 距离还有 43 天
2025-04-23 14:13:49 [http-nio-8088-exec-2] INFO  com.couple.space.config.WebConfig - 收到请求: GET /error
2025-04-23 14:13:49 [http-nio-8088-exec-2] INFO  com.couple.space.config.WebConfig - 完整URL: http://10.10.88.224:8088/error
2025-04-23 14:13:49 [http-nio-8088-exec-2] INFO  com.couple.space.config.WebConfig - 请求参数: null
2025-04-23 14:13:49 [http-nio-8088-exec-2] INFO  com.couple.space.config.WebConfig - 请求头: Origin=null, Referer=https://servicewechat.com/wx83d5b89b7c837584/devtools/page-frame.html
2025-04-23 14:14:08 [http-nio-8088-exec-6] INFO  com.couple.space.config.WebConfig - 收到请求: GET /api/anniversary/next
2025-04-23 14:14:08 [http-nio-8088-exec-6] INFO  com.couple.space.config.WebConfig - 完整URL: http://10.10.88.224:8088/api/anniversary/next
2025-04-23 14:14:08 [http-nio-8088-exec-6] INFO  com.couple.space.config.WebConfig - 请求参数: null
2025-04-23 14:14:08 [http-nio-8088-exec-6] INFO  com.couple.space.config.WebConfig - 请求头: Origin=null, Referer=https://servicewechat.com/wx83d5b89b7c837584/devtools/page-frame.html
2025-04-23 14:14:08 [http-nio-8088-exec-6] INFO  c.c.s.c.AnniversaryController - 获取下一个纪念日
2025-04-23 14:14:08 [http-nio-8088-exec-6] INFO  c.c.s.s.impl.AnniversaryServiceImpl - 获取所有纪念日
2025-04-23 14:14:08 [http-nio-8088-exec-6] INFO  c.c.s.c.AnniversaryController - 找到下一个纪念日: 领证, 距离还有 43 天
2025-04-23 14:14:34 [http-nio-8088-exec-3] INFO  com.couple.space.config.WebConfig - 收到请求: GET /api/anniversary/next
2025-04-23 14:14:34 [http-nio-8088-exec-3] INFO  com.couple.space.config.WebConfig - 完整URL: http://10.10.88.224:8088/api/anniversary/next
2025-04-23 14:14:34 [http-nio-8088-exec-3] INFO  com.couple.space.config.WebConfig - 请求参数: null
2025-04-23 14:14:34 [http-nio-8088-exec-3] INFO  com.couple.space.config.WebConfig - 请求头: Origin=null, Referer=https://servicewechat.com/wx83d5b89b7c837584/devtools/page-frame.html
2025-04-23 14:14:34 [http-nio-8088-exec-3] INFO  c.c.s.c.AnniversaryController - 获取下一个纪念日
2025-04-23 14:14:34 [http-nio-8088-exec-3] INFO  c.c.s.s.impl.AnniversaryServiceImpl - 获取所有纪念日
2025-04-23 14:14:34 [http-nio-8088-exec-3] INFO  c.c.s.c.AnniversaryController - 找到下一个纪念日: 领证, 距离还有 43 天
2025-04-23 14:14:57 [http-nio-8088-exec-8] INFO  com.couple.space.config.WebConfig - 收到请求: GET /api/anniversary/next
2025-04-23 14:14:57 [http-nio-8088-exec-8] INFO  com.couple.space.config.WebConfig - 完整URL: http://10.10.88.224:8088/api/anniversary/next
2025-04-23 14:14:57 [http-nio-8088-exec-8] INFO  com.couple.space.config.WebConfig - 请求参数: null
2025-04-23 14:14:57 [http-nio-8088-exec-8] INFO  com.couple.space.config.WebConfig - 请求头: Origin=null, Referer=https://servicewechat.com/wx83d5b89b7c837584/devtools/page-frame.html
2025-04-23 14:14:57 [http-nio-8088-exec-8] INFO  c.c.s.c.AnniversaryController - 获取下一个纪念日
2025-04-23 14:14:57 [http-nio-8088-exec-8] INFO  c.c.s.s.impl.AnniversaryServiceImpl - 获取所有纪念日
2025-04-23 14:14:57 [http-nio-8088-exec-8] INFO  c.c.s.c.AnniversaryController - 找到下一个纪念日: 领证, 距离还有 43 天
2025-04-23 14:16:14 [http-nio-8088-exec-4] INFO  com.couple.space.config.WebConfig - 收到请求: GET /api/anniversary/next
2025-04-23 14:16:14 [http-nio-8088-exec-4] INFO  com.couple.space.config.WebConfig - 完整URL: http://10.10.88.224:8088/api/anniversary/next
2025-04-23 14:16:14 [http-nio-8088-exec-4] INFO  com.couple.space.config.WebConfig - 请求参数: null
2025-04-23 14:16:14 [http-nio-8088-exec-4] INFO  com.couple.space.config.WebConfig - 请求头: Origin=null, Referer=https://servicewechat.com/wx83d5b89b7c837584/devtools/page-frame.html
2025-04-23 14:16:14 [http-nio-8088-exec-4] INFO  c.c.s.c.AnniversaryController - 获取下一个纪念日
2025-04-23 14:16:14 [http-nio-8088-exec-4] INFO  c.c.s.s.impl.AnniversaryServiceImpl - 获取所有纪念日
2025-04-23 14:16:14 [http-nio-8088-exec-4] INFO  c.c.s.c.AnniversaryController - 找到下一个纪念日: 领证, 距离还有 43 天
2025-04-23 14:19:09 [http-nio-8088-exec-5] INFO  com.couple.space.config.WebConfig - 收到请求: GET /error
2025-04-23 14:19:09 [http-nio-8088-exec-5] INFO  com.couple.space.config.WebConfig - 完整URL: http://10.10.88.224:8088/error
2025-04-23 14:19:09 [http-nio-8088-exec-5] INFO  com.couple.space.config.WebConfig - 请求参数: null
2025-04-23 14:19:09 [http-nio-8088-exec-5] INFO  com.couple.space.config.WebConfig - 请求头: Origin=null, Referer=https://servicewechat.com/wx83d5b89b7c837584/devtools/page-frame.html
2025-04-23 14:19:20 [http-nio-8088-exec-7] INFO  com.couple.space.config.WebConfig - 收到请求: GET /api/anniversary/next
2025-04-23 14:19:20 [http-nio-8088-exec-7] INFO  com.couple.space.config.WebConfig - 完整URL: http://10.10.88.224:8088/api/anniversary/next
2025-04-23 14:19:20 [http-nio-8088-exec-7] INFO  com.couple.space.config.WebConfig - 请求参数: null
2025-04-23 14:19:20 [http-nio-8088-exec-7] INFO  com.couple.space.config.WebConfig - 请求头: Origin=null, Referer=https://servicewechat.com/wx83d5b89b7c837584/devtools/page-frame.html
2025-04-23 14:19:20 [http-nio-8088-exec-7] INFO  c.c.s.c.AnniversaryController - 获取下一个纪念日
2025-04-23 14:19:20 [http-nio-8088-exec-7] INFO  c.c.s.s.impl.AnniversaryServiceImpl - 获取所有纪念日
2025-04-23 14:19:20 [http-nio-8088-exec-7] INFO  c.c.s.c.AnniversaryController - 找到下一个纪念日: 领证, 距离还有 43 天
2025-04-23 14:19:29 [http-nio-8088-exec-10] INFO  com.couple.space.config.WebConfig - 收到请求: GET /api/anniversary/next
2025-04-23 14:19:29 [http-nio-8088-exec-10] INFO  com.couple.space.config.WebConfig - 完整URL: http://10.10.88.224:8088/api/anniversary/next
2025-04-23 14:19:29 [http-nio-8088-exec-10] INFO  com.couple.space.config.WebConfig - 请求参数: null
2025-04-23 14:19:29 [http-nio-8088-exec-10] INFO  com.couple.space.config.WebConfig - 请求头: Origin=null, Referer=https://servicewechat.com/wx83d5b89b7c837584/devtools/page-frame.html
2025-04-23 14:19:29 [http-nio-8088-exec-10] INFO  c.c.s.c.AnniversaryController - 获取下一个纪念日
2025-04-23 14:19:29 [http-nio-8088-exec-10] INFO  c.c.s.s.impl.AnniversaryServiceImpl - 获取所有纪念日
2025-04-23 14:19:29 [http-nio-8088-exec-10] INFO  c.c.s.c.AnniversaryController - 找到下一个纪念日: 领证, 距离还有 43 天
2025-04-23 14:27:42 [http-nio-8088-exec-6] INFO  com.couple.space.config.WebConfig - 收到请求: GET /api/anniversary/next
2025-04-23 14:27:42 [http-nio-8088-exec-6] INFO  com.couple.space.config.WebConfig - 完整URL: http://10.10.88.224:8088/api/anniversary/next
2025-04-23 14:27:42 [http-nio-8088-exec-6] INFO  com.couple.space.config.WebConfig - 请求参数: null
2025-04-23 14:27:42 [http-nio-8088-exec-6] INFO  com.couple.space.config.WebConfig - 请求头: Origin=null, Referer=https://servicewechat.com/wx83d5b89b7c837584/devtools/page-frame.html
2025-04-23 14:27:42 [http-nio-8088-exec-6] INFO  c.c.s.c.AnniversaryController - 获取下一个纪念日
2025-04-23 14:27:42 [http-nio-8088-exec-6] INFO  c.c.s.s.impl.AnniversaryServiceImpl - 获取所有纪念日
2025-04-23 14:27:42 [http-nio-8088-exec-6] INFO  c.c.s.c.AnniversaryController - 找到下一个纪念日: 领证, 距离还有 43 天
2025-04-23 14:28:23 [http-nio-8088-exec-3] INFO  com.couple.space.config.WebConfig - 收到请求: GET /api/anniversary/list
2025-04-23 14:28:23 [http-nio-8088-exec-3] INFO  com.couple.space.config.WebConfig - 完整URL: http://10.10.88.224:8088/api/anniversary/list
2025-04-23 14:28:23 [http-nio-8088-exec-3] INFO  com.couple.space.config.WebConfig - 请求参数: null
2025-04-23 14:28:23 [http-nio-8088-exec-3] INFO  com.couple.space.config.WebConfig - 请求头: Origin=null, Referer=https://servicewechat.com/wx83d5b89b7c837584/devtools/page-frame.html
2025-04-23 14:28:23 [http-nio-8088-exec-3] INFO  c.c.s.c.AnniversaryController - 获取纪念日列表
2025-04-23 14:28:23 [http-nio-8088-exec-3] INFO  c.c.s.s.impl.AnniversaryServiceImpl - 获取所有纪念日
2025-04-23 14:28:30 [http-nio-8088-exec-8] INFO  com.couple.space.config.WebConfig - 收到请求: POST /api/anniversary/add
2025-04-23 14:28:30 [http-nio-8088-exec-8] INFO  com.couple.space.config.WebConfig - 完整URL: http://10.10.88.224:8088/api/anniversary/add
2025-04-23 14:28:30 [http-nio-8088-exec-8] INFO  com.couple.space.config.WebConfig - 请求参数: null
2025-04-23 14:28:30 [http-nio-8088-exec-8] INFO  com.couple.space.config.WebConfig - 请求头: Origin=null, Referer=https://servicewechat.com/wx83d5b89b7c837584/devtools/page-frame.html
2025-04-23 14:28:30 [http-nio-8088-exec-8] INFO  c.c.s.c.AnniversaryController - 添加纪念日: null
2025-04-23 14:28:30 [http-nio-8088-exec-8] ERROR c.c.s.c.AnniversaryController - 添加纪念日失败: JWT signature does not match locally computed signature. JWT validity cannot be asserted and should not be trusted.
2025-04-23 14:28:30 [http-nio-8088-exec-8] WARN  c.c.space.common.ResponseHandler - 业务处理失败: 添加纪念日失败：JWT signature does not match locally computed signature. JWT validity cannot be asserted and should not be trusted.
2025-04-23 14:31:09 [main] INFO  com.couple.space.SpaceApplication - Starting SpaceApplication using Java 17.0.9 on MS-BLQVFHVXTRJB with PID 7868 (F:\web\coupleMiniProgram\project001-backend\target\classes started by Administrator in F:\web\coupleMiniProgram\project001-backend)
2025-04-23 14:31:09 [main] INFO  com.couple.space.SpaceApplication - No active profile set, falling back to 1 default profile: "default"
2025-04-23 14:31:10 [main] INFO  o.s.b.w.e.tomcat.TomcatWebServer - Tomcat initialized with port(s): 8088 (http)
2025-04-23 14:31:10 [main] INFO  o.a.c.core.AprLifecycleListener - Loaded Apache Tomcat Native library [2.0.6] using APR version [1.7.4].
2025-04-23 14:31:10 [main] INFO  o.a.c.core.AprLifecycleListener - APR capabilities: IPv6 [true], sendfile [true], accept filters [false], random [true], UDS [true].
2025-04-23 14:31:10 [main] INFO  o.a.c.core.AprLifecycleListener - APR/OpenSSL configuration: useAprConnector [false], useOpenSSL [true]
2025-04-23 14:31:10 [main] INFO  o.a.c.core.AprLifecycleListener - OpenSSL successfully initialized [OpenSSL 3.0.11 19 Sep 2023]
2025-04-23 14:31:10 [main] INFO  o.a.catalina.core.StandardService - Starting service [Tomcat]
2025-04-23 14:31:10 [main] INFO  o.a.catalina.core.StandardEngine - Starting Servlet engine: [Apache Tomcat/9.0.63]
2025-04-23 14:31:10 [main] INFO  o.a.c.c.C.[Tomcat].[localhost].[/] - Initializing Spring embedded WebApplicationContext
2025-04-23 14:31:10 [main] INFO  o.s.b.w.s.c.ServletWebServerApplicationContext - Root WebApplicationContext: initialization completed in 746 ms
2025-04-23 14:31:10 [main] INFO  o.s.s.web.DefaultSecurityFilterChain - Will secure any request with [org.springframework.security.web.session.DisableEncodeUrlFilter@1e5eb20a, org.springframework.security.web.context.request.async.WebAsyncManagerIntegrationFilter@4538856f, org.springframework.security.web.context.SecurityContextPersistenceFilter@6e829e50, org.springframework.security.web.header.HeaderWriterFilter@83bb0f, org.springframework.web.filter.CorsFilter@4c3de38e, org.springframework.security.web.authentication.logout.LogoutFilter@6003ad65, com.couple.space.security.JwtAuthenticationFilter@6d8796c1, org.springframework.security.web.savedrequest.RequestCacheAwareFilter@307e4c44, org.springframework.security.web.servletapi.SecurityContextHolderAwareRequestFilter@373e6b9d, org.springframework.security.web.authentication.AnonymousAuthenticationFilter@74b86971, org.springframework.security.web.session.SessionManagementFilter@1f87607c, org.springframework.security.web.access.ExceptionTranslationFilter@2accaec2, org.springframework.security.web.access.intercept.FilterSecurityInterceptor@67f63d26]
2025-04-23 14:31:11 [main] INFO  o.s.b.w.e.tomcat.TomcatWebServer - Tomcat started on port(s): 8088 (http) with context path ''
2025-04-23 14:31:11 [main] INFO  com.couple.space.SpaceApplication - Started SpaceApplication in 1.578 seconds (JVM running for 1.795)
2025-04-23 14:31:15 [http-nio-8088-exec-1] INFO  o.a.c.c.C.[Tomcat].[localhost].[/] - Initializing Spring DispatcherServlet 'dispatcherServlet'
2025-04-23 14:31:15 [http-nio-8088-exec-1] INFO  o.s.web.servlet.DispatcherServlet - Initializing Servlet 'dispatcherServlet'
2025-04-23 14:31:15 [http-nio-8088-exec-1] INFO  o.s.web.servlet.DispatcherServlet - Completed initialization in 1 ms
2025-04-23 14:31:15 [http-nio-8088-exec-1] INFO  com.couple.space.config.WebConfig - 收到请求: POST /api/anniversary/add
2025-04-23 14:31:15 [http-nio-8088-exec-1] INFO  com.couple.space.config.WebConfig - 完整URL: http://10.10.88.224:8088/api/anniversary/add
2025-04-23 14:31:15 [http-nio-8088-exec-1] INFO  com.couple.space.config.WebConfig - 请求参数: null
2025-04-23 14:31:15 [http-nio-8088-exec-1] INFO  com.couple.space.config.WebConfig - 请求头: Origin=null, Referer=https://servicewechat.com/wx83d5b89b7c837584/devtools/page-frame.html
2025-04-23 14:31:15 [http-nio-8088-exec-1] INFO  c.c.s.c.AnniversaryController - 添加纪念日: null
2025-04-23 14:31:15 [http-nio-8088-exec-1] ERROR c.c.s.c.AnniversaryController - 添加纪念日失败: JWT signature does not match locally computed signature. JWT validity cannot be asserted and should not be trusted.
2025-04-23 14:31:15 [http-nio-8088-exec-1] WARN  c.c.space.common.ResponseHandler - 业务处理失败: 添加纪念日失败：JWT signature does not match locally computed signature. JWT validity cannot be asserted and should not be trusted.
2025-04-23 14:31:32 [http-nio-8088-exec-4] INFO  com.couple.space.config.WebConfig - 收到请求: GET /api/anniversary/next
2025-04-23 14:31:32 [http-nio-8088-exec-4] INFO  com.couple.space.config.WebConfig - 完整URL: http://10.10.88.224:8088/api/anniversary/next
2025-04-23 14:31:32 [http-nio-8088-exec-4] INFO  com.couple.space.config.WebConfig - 请求参数: null
2025-04-23 14:31:32 [http-nio-8088-exec-4] INFO  com.couple.space.config.WebConfig - 请求头: Origin=null, Referer=https://servicewechat.com/wx83d5b89b7c837584/devtools/page-frame.html
2025-04-23 14:31:32 [http-nio-8088-exec-4] INFO  c.c.s.c.AnniversaryController - 获取下一个纪念日
2025-04-23 14:31:32 [http-nio-8088-exec-4] INFO  c.c.s.s.impl.AnniversaryServiceImpl - 获取所有纪念日
2025-04-23 14:31:32 [http-nio-8088-exec-4] INFO  com.zaxxer.hikari.HikariDataSource - HikariPool-1 - Starting...
2025-04-23 14:31:33 [http-nio-8088-exec-4] INFO  com.zaxxer.hikari.HikariDataSource - HikariPool-1 - Start completed.
2025-04-23 14:31:33 [http-nio-8088-exec-4] INFO  c.c.s.c.AnniversaryController - 找到下一个纪念日: 领证, 距离还有 43 天
2025-04-23 14:31:35 [http-nio-8088-exec-7] INFO  com.couple.space.config.WebConfig - 收到请求: GET /api/anniversary/list
2025-04-23 14:31:35 [http-nio-8088-exec-7] INFO  com.couple.space.config.WebConfig - 完整URL: http://10.10.88.224:8088/api/anniversary/list
2025-04-23 14:31:35 [http-nio-8088-exec-7] INFO  com.couple.space.config.WebConfig - 请求参数: null
2025-04-23 14:31:35 [http-nio-8088-exec-7] INFO  com.couple.space.config.WebConfig - 请求头: Origin=null, Referer=https://servicewechat.com/wx83d5b89b7c837584/devtools/page-frame.html
2025-04-23 14:31:35 [http-nio-8088-exec-7] INFO  c.c.s.c.AnniversaryController - 获取纪念日列表
2025-04-23 14:31:35 [http-nio-8088-exec-7] INFO  c.c.s.s.impl.AnniversaryServiceImpl - 获取所有纪念日
2025-04-23 14:31:43 [http-nio-8088-exec-10] INFO  com.couple.space.config.WebConfig - 收到请求: POST /api/anniversary/add
2025-04-23 14:31:43 [http-nio-8088-exec-10] INFO  com.couple.space.config.WebConfig - 完整URL: http://10.10.88.224:8088/api/anniversary/add
2025-04-23 14:31:43 [http-nio-8088-exec-10] INFO  com.couple.space.config.WebConfig - 请求参数: null
2025-04-23 14:31:43 [http-nio-8088-exec-10] INFO  com.couple.space.config.WebConfig - 请求头: Origin=null, Referer=https://servicewechat.com/wx83d5b89b7c837584/devtools/page-frame.html
2025-04-23 14:31:43 [http-nio-8088-exec-10] INFO  c.c.s.c.AnniversaryController - 添加纪念日: null
2025-04-23 14:31:43 [http-nio-8088-exec-10] ERROR c.c.s.c.AnniversaryController - 添加纪念日失败: JWT signature does not match locally computed signature. JWT validity cannot be asserted and should not be trusted.
2025-04-23 14:31:43 [http-nio-8088-exec-10] WARN  c.c.space.common.ResponseHandler - 业务处理失败: 添加纪念日失败：JWT signature does not match locally computed signature. JWT validity cannot be asserted and should not be trusted.
2025-04-23 14:32:38 [main] INFO  com.couple.space.SpaceApplication - Starting SpaceApplication using Java 17.0.9 on MS-BLQVFHVXTRJB with PID 18012 (F:\web\coupleMiniProgram\project001-backend\target\classes started by Administrator in F:\web\coupleMiniProgram\project001-backend)
2025-04-23 14:32:38 [main] INFO  com.couple.space.SpaceApplication - No active profile set, falling back to 1 default profile: "default"
2025-04-23 14:32:38 [main] INFO  o.s.b.w.e.tomcat.TomcatWebServer - Tomcat initialized with port(s): 8088 (http)
2025-04-23 14:32:38 [main] INFO  o.a.c.core.AprLifecycleListener - Loaded Apache Tomcat Native library [2.0.6] using APR version [1.7.4].
2025-04-23 14:32:38 [main] INFO  o.a.c.core.AprLifecycleListener - APR capabilities: IPv6 [true], sendfile [true], accept filters [false], random [true], UDS [true].
2025-04-23 14:32:38 [main] INFO  o.a.c.core.AprLifecycleListener - APR/OpenSSL configuration: useAprConnector [false], useOpenSSL [true]
2025-04-23 14:32:38 [main] INFO  o.a.c.core.AprLifecycleListener - OpenSSL successfully initialized [OpenSSL 3.0.11 19 Sep 2023]
2025-04-23 14:32:38 [main] INFO  o.a.catalina.core.StandardService - Starting service [Tomcat]
2025-04-23 14:32:38 [main] INFO  o.a.catalina.core.StandardEngine - Starting Servlet engine: [Apache Tomcat/9.0.63]
2025-04-23 14:32:38 [main] INFO  o.a.c.c.C.[Tomcat].[localhost].[/] - Initializing Spring embedded WebApplicationContext
2025-04-23 14:32:38 [main] INFO  o.s.b.w.s.c.ServletWebServerApplicationContext - Root WebApplicationContext: initialization completed in 748 ms
2025-04-23 14:32:39 [main] INFO  o.s.s.web.DefaultSecurityFilterChain - Will secure any request with [org.springframework.security.web.session.DisableEncodeUrlFilter@1e5eb20a, org.springframework.security.web.context.request.async.WebAsyncManagerIntegrationFilter@4538856f, org.springframework.security.web.context.SecurityContextPersistenceFilter@6e829e50, org.springframework.security.web.header.HeaderWriterFilter@83bb0f, org.springframework.web.filter.CorsFilter@4c3de38e, org.springframework.security.web.authentication.logout.LogoutFilter@6003ad65, com.couple.space.security.JwtAuthenticationFilter@6d8796c1, org.springframework.security.web.savedrequest.RequestCacheAwareFilter@307e4c44, org.springframework.security.web.servletapi.SecurityContextHolderAwareRequestFilter@373e6b9d, org.springframework.security.web.authentication.AnonymousAuthenticationFilter@74b86971, org.springframework.security.web.session.SessionManagementFilter@1f87607c, org.springframework.security.web.access.ExceptionTranslationFilter@2accaec2, org.springframework.security.web.access.intercept.FilterSecurityInterceptor@67f63d26]
2025-04-23 14:32:39 [main] INFO  o.s.b.w.e.tomcat.TomcatWebServer - Tomcat started on port(s): 8088 (http) with context path ''
2025-04-23 14:32:39 [main] INFO  com.couple.space.SpaceApplication - Started SpaceApplication in 1.584 seconds (JVM running for 1.795)
2025-04-23 14:32:45 [http-nio-8088-exec-1] INFO  o.a.c.c.C.[Tomcat].[localhost].[/] - Initializing Spring DispatcherServlet 'dispatcherServlet'
2025-04-23 14:32:45 [http-nio-8088-exec-1] INFO  o.s.web.servlet.DispatcherServlet - Initializing Servlet 'dispatcherServlet'
2025-04-23 14:32:45 [http-nio-8088-exec-1] INFO  o.s.web.servlet.DispatcherServlet - Completed initialization in 1 ms
2025-04-23 14:32:45 [http-nio-8088-exec-1] INFO  com.couple.space.config.WebConfig - 收到请求: GET /api/anniversary/next
2025-04-23 14:32:45 [http-nio-8088-exec-1] INFO  com.couple.space.config.WebConfig - 完整URL: http://10.10.88.224:8088/api/anniversary/next
2025-04-23 14:32:45 [http-nio-8088-exec-1] INFO  com.couple.space.config.WebConfig - 请求参数: null
2025-04-23 14:32:45 [http-nio-8088-exec-1] INFO  com.couple.space.config.WebConfig - 请求头: Origin=null, Referer=https://servicewechat.com/wx83d5b89b7c837584/devtools/page-frame.html
2025-04-23 14:32:45 [http-nio-8088-exec-1] INFO  c.c.s.c.AnniversaryController - 获取下一个纪念日
2025-04-23 14:32:45 [http-nio-8088-exec-1] INFO  c.c.s.s.impl.AnniversaryServiceImpl - 获取所有纪念日
2025-04-23 14:32:46 [http-nio-8088-exec-1] INFO  com.zaxxer.hikari.HikariDataSource - HikariPool-1 - Starting...
2025-04-23 14:32:46 [http-nio-8088-exec-1] INFO  com.zaxxer.hikari.HikariDataSource - HikariPool-1 - Start completed.
2025-04-23 14:32:46 [http-nio-8088-exec-1] INFO  c.c.s.c.AnniversaryController - 找到下一个纪念日: 领证, 距离还有 43 天
2025-04-23 14:33:03 [http-nio-8088-exec-4] INFO  com.couple.space.config.WebConfig - 收到请求: GET /api/anniversary/next
2025-04-23 14:33:03 [http-nio-8088-exec-4] INFO  com.couple.space.config.WebConfig - 完整URL: http://10.10.88.224:8088/api/anniversary/next
2025-04-23 14:33:03 [http-nio-8088-exec-4] INFO  com.couple.space.config.WebConfig - 请求参数: null
2025-04-23 14:33:03 [http-nio-8088-exec-4] INFO  com.couple.space.config.WebConfig - 请求头: Origin=null, Referer=https://servicewechat.com/wx83d5b89b7c837584/devtools/page-frame.html
2025-04-23 14:33:03 [http-nio-8088-exec-4] INFO  c.c.s.c.AnniversaryController - 获取下一个纪念日
2025-04-23 14:33:03 [http-nio-8088-exec-4] INFO  c.c.s.s.impl.AnniversaryServiceImpl - 获取所有纪念日
2025-04-23 14:33:03 [http-nio-8088-exec-4] INFO  c.c.s.c.AnniversaryController - 找到下一个纪念日: 领证, 距离还有 43 天
2025-04-23 14:33:07 [http-nio-8088-exec-7] INFO  com.couple.space.config.WebConfig - 收到请求: GET /api/anniversary/next
2025-04-23 14:33:07 [http-nio-8088-exec-7] INFO  com.couple.space.config.WebConfig - 完整URL: http://10.10.88.224:8088/api/anniversary/next
2025-04-23 14:33:07 [http-nio-8088-exec-7] INFO  com.couple.space.config.WebConfig - 请求参数: null
2025-04-23 14:33:07 [http-nio-8088-exec-7] INFO  com.couple.space.config.WebConfig - 请求头: Origin=null, Referer=https://servicewechat.com/wx83d5b89b7c837584/devtools/page-frame.html
2025-04-23 14:33:07 [http-nio-8088-exec-7] INFO  c.c.s.c.AnniversaryController - 获取下一个纪念日
2025-04-23 14:33:07 [http-nio-8088-exec-7] INFO  c.c.s.s.impl.AnniversaryServiceImpl - 获取所有纪念日
2025-04-23 14:33:07 [http-nio-8088-exec-7] INFO  c.c.s.c.AnniversaryController - 找到下一个纪念日: 领证, 距离还有 43 天
2025-04-23 14:33:33 [http-nio-8088-exec-9] INFO  com.couple.space.config.WebConfig - 收到请求: POST /api/users/login
2025-04-23 14:33:33 [http-nio-8088-exec-9] INFO  com.couple.space.config.WebConfig - 完整URL: http://10.10.88.224:8088/api/users/login
2025-04-23 14:33:33 [http-nio-8088-exec-9] INFO  com.couple.space.config.WebConfig - 请求参数: null
2025-04-23 14:33:33 [http-nio-8088-exec-9] INFO  com.couple.space.config.WebConfig - 请求头: Origin=null, Referer=https://servicewechat.com/wx83d5b89b7c837584/devtools/page-frame.html
2025-04-23 14:33:33 [http-nio-8088-exec-2] INFO  com.couple.space.config.WebConfig - 收到请求: GET /api/anniversary/next
2025-04-23 14:33:33 [http-nio-8088-exec-2] INFO  com.couple.space.config.WebConfig - 完整URL: http://10.10.88.224:8088/api/anniversary/next
2025-04-23 14:33:33 [http-nio-8088-exec-2] INFO  com.couple.space.config.WebConfig - 请求参数: null
2025-04-23 14:33:33 [http-nio-8088-exec-2] INFO  com.couple.space.config.WebConfig - 请求头: Origin=null, Referer=https://servicewechat.com/wx83d5b89b7c837584/devtools/page-frame.html
2025-04-23 14:33:33 [http-nio-8088-exec-2] INFO  c.c.s.c.AnniversaryController - 获取下一个纪念日
2025-04-23 14:33:33 [http-nio-8088-exec-2] INFO  c.c.s.s.impl.AnniversaryServiceImpl - 获取所有纪念日
2025-04-23 14:33:33 [http-nio-8088-exec-2] INFO  c.c.s.c.AnniversaryController - 找到下一个纪念日: 领证, 距离还有 43 天
2025-04-23 14:33:38 [http-nio-8088-exec-6] INFO  com.couple.space.config.WebConfig - 收到请求: GET /api/anniversary/list
2025-04-23 14:33:38 [http-nio-8088-exec-6] INFO  com.couple.space.config.WebConfig - 完整URL: http://10.10.88.224:8088/api/anniversary/list
2025-04-23 14:33:38 [http-nio-8088-exec-6] INFO  com.couple.space.config.WebConfig - 请求参数: null
2025-04-23 14:33:38 [http-nio-8088-exec-6] INFO  com.couple.space.config.WebConfig - 请求头: Origin=null, Referer=https://servicewechat.com/wx83d5b89b7c837584/devtools/page-frame.html
2025-04-23 14:33:38 [http-nio-8088-exec-6] INFO  c.c.s.c.AnniversaryController - 获取纪念日列表
2025-04-23 14:33:38 [http-nio-8088-exec-6] INFO  c.c.s.s.impl.AnniversaryServiceImpl - 获取所有纪念日
2025-04-23 14:33:45 [http-nio-8088-exec-8] INFO  com.couple.space.config.WebConfig - 收到请求: POST /api/anniversary/add
2025-04-23 14:33:45 [http-nio-8088-exec-8] INFO  com.couple.space.config.WebConfig - 完整URL: http://10.10.88.224:8088/api/anniversary/add
2025-04-23 14:33:45 [http-nio-8088-exec-8] INFO  com.couple.space.config.WebConfig - 请求参数: null
2025-04-23 14:33:45 [http-nio-8088-exec-8] INFO  com.couple.space.config.WebConfig - 请求头: Origin=null, Referer=https://servicewechat.com/wx83d5b89b7c837584/devtools/page-frame.html
2025-04-23 14:33:45 [http-nio-8088-exec-8] INFO  c.c.s.c.AnniversaryController - 添加纪念日: null
2025-04-23 14:33:45 [http-nio-8088-exec-8] ERROR c.c.s.c.AnniversaryController - 添加纪念日失败: 
### Error updating database.  Cause: java.sql.SQLIntegrityConstraintViolationException: Column 'name' cannot be null
### The error may exist in file [F:\web\coupleMiniProgram\project001-backend\target\classes\mapper\AnniversaryMapper.xml]
### The error may involve com.couple.space.mapper.AnniversaryMapper.insert-Inline
### The error occurred while setting parameters
### SQL: INSERT INTO anniversaries (             user_id, name, date, description, is_yearly, is_important, remind, remind_time, created_at, updated_at         ) VALUES (             ?, ?, ?, ?, ?, ?, ?, ?,              ?, ?         )
### Cause: java.sql.SQLIntegrityConstraintViolationException: Column 'name' cannot be null
; Column 'name' cannot be null; nested exception is java.sql.SQLIntegrityConstraintViolationException: Column 'name' cannot be null
2025-04-23 14:33:45 [http-nio-8088-exec-8] WARN  c.c.space.common.ResponseHandler - 业务处理失败: 添加纪念日失败：
### Error updating database.  Cause: java.sql.SQLIntegrityConstraintViolationException: Column 'name' cannot be null
### The error may exist in file [F:\web\coupleMiniProgram\project001-backend\target\classes\mapper\AnniversaryMapper.xml]
### The error may involve com.couple.space.mapper.AnniversaryMapper.insert-Inline
### The error occurred while setting parameters
### SQL: INSERT INTO anniversaries (             user_id, name, date, description, is_yearly, is_important, remind, remind_time, created_at, updated_at         ) VALUES (             ?, ?, ?, ?, ?, ?, ?, ?,              ?, ?         )
### Cause: java.sql.SQLIntegrityConstraintViolationException: Column 'name' cannot be null
; Column 'name' cannot be null; nested exception is java.sql.SQLIntegrityConstraintViolationException: Column 'name' cannot be null
2025-04-23 14:36:05 [http-nio-8088-exec-10] INFO  com.couple.space.config.WebConfig - 收到请求: GET /api/anniversary/next
2025-04-23 14:36:05 [http-nio-8088-exec-10] INFO  com.couple.space.config.WebConfig - 完整URL: http://10.10.88.224:8088/api/anniversary/next
2025-04-23 14:36:05 [http-nio-8088-exec-10] INFO  com.couple.space.config.WebConfig - 请求参数: null
2025-04-23 14:36:05 [http-nio-8088-exec-10] INFO  com.couple.space.config.WebConfig - 请求头: Origin=null, Referer=https://servicewechat.com/wx83d5b89b7c837584/devtools/page-frame.html
2025-04-23 14:36:05 [http-nio-8088-exec-10] INFO  c.c.s.c.AnniversaryController - 获取下一个纪念日
2025-04-23 14:36:05 [http-nio-8088-exec-10] INFO  c.c.s.s.impl.AnniversaryServiceImpl - 获取所有纪念日
2025-04-23 14:36:05 [http-nio-8088-exec-10] INFO  c.c.s.c.AnniversaryController - 找到下一个纪念日: 领证, 距离还有 43 天
2025-04-23 14:36:10 [http-nio-8088-exec-5] INFO  com.couple.space.config.WebConfig - 收到请求: GET /api/anniversary/list
2025-04-23 14:36:10 [http-nio-8088-exec-5] INFO  com.couple.space.config.WebConfig - 完整URL: http://10.10.88.224:8088/api/anniversary/list
2025-04-23 14:36:10 [http-nio-8088-exec-5] INFO  com.couple.space.config.WebConfig - 请求参数: null
2025-04-23 14:36:10 [http-nio-8088-exec-5] INFO  com.couple.space.config.WebConfig - 请求头: Origin=null, Referer=https://servicewechat.com/wx83d5b89b7c837584/devtools/page-frame.html
2025-04-23 14:36:10 [http-nio-8088-exec-5] INFO  c.c.s.c.AnniversaryController - 获取纪念日列表
2025-04-23 14:36:10 [http-nio-8088-exec-5] INFO  c.c.s.s.impl.AnniversaryServiceImpl - 获取所有纪念日
2025-04-23 14:36:20 [http-nio-8088-exec-1] INFO  com.couple.space.config.WebConfig - 收到请求: POST /api/anniversary/add
2025-04-23 14:36:20 [http-nio-8088-exec-1] INFO  com.couple.space.config.WebConfig - 完整URL: http://10.10.88.224:8088/api/anniversary/add
2025-04-23 14:36:20 [http-nio-8088-exec-1] INFO  com.couple.space.config.WebConfig - 请求参数: null
2025-04-23 14:36:20 [http-nio-8088-exec-1] INFO  com.couple.space.config.WebConfig - 请求头: Origin=null, Referer=https://servicewechat.com/wx83d5b89b7c837584/devtools/page-frame.html
2025-04-23 14:36:20 [http-nio-8088-exec-1] INFO  c.c.s.c.AnniversaryController - 添加纪念日: 11
2025-04-23 14:36:20 [http-nio-8088-exec-4] INFO  com.couple.space.config.WebConfig - 收到请求: GET /api/anniversary/list
2025-04-23 14:36:20 [http-nio-8088-exec-4] INFO  com.couple.space.config.WebConfig - 完整URL: http://10.10.88.224:8088/api/anniversary/list
2025-04-23 14:36:20 [http-nio-8088-exec-4] INFO  com.couple.space.config.WebConfig - 请求参数: null
2025-04-23 14:36:20 [http-nio-8088-exec-4] INFO  com.couple.space.config.WebConfig - 请求头: Origin=null, Referer=https://servicewechat.com/wx83d5b89b7c837584/devtools/page-frame.html
2025-04-23 14:36:20 [http-nio-8088-exec-4] INFO  c.c.s.c.AnniversaryController - 获取纪念日列表
2025-04-23 14:36:20 [http-nio-8088-exec-4] INFO  c.c.s.s.impl.AnniversaryServiceImpl - 获取所有纪念日
2025-04-23 14:36:41 [http-nio-8088-exec-7] INFO  com.couple.space.config.WebConfig - 收到请求: GET /api/anniversary/detail/4
2025-04-23 14:36:41 [http-nio-8088-exec-7] INFO  com.couple.space.config.WebConfig - 完整URL: http://10.10.88.224:8088/api/anniversary/detail/4
2025-04-23 14:36:41 [http-nio-8088-exec-7] INFO  com.couple.space.config.WebConfig - 请求参数: null
2025-04-23 14:36:41 [http-nio-8088-exec-7] INFO  com.couple.space.config.WebConfig - 请求头: Origin=null, Referer=https://servicewechat.com/wx83d5b89b7c837584/devtools/page-frame.html
2025-04-23 14:36:41 [http-nio-8088-exec-7] INFO  c.c.s.c.AnniversaryController - 获取纪念日详情: 4
2025-04-23 14:36:41 [http-nio-8088-exec-7] INFO  c.c.s.s.impl.AnniversaryServiceImpl - 查询纪念日: 4
2025-04-23 14:36:41 [http-nio-8088-exec-7] INFO  c.c.s.s.impl.AnniversaryServiceImpl - 纪念日查询成功
2025-04-23 14:36:43 [http-nio-8088-exec-9] INFO  com.couple.space.config.WebConfig - 收到请求: GET /api/anniversary/detail/2
2025-04-23 14:36:43 [http-nio-8088-exec-9] INFO  com.couple.space.config.WebConfig - 完整URL: http://10.10.88.224:8088/api/anniversary/detail/2
2025-04-23 14:36:43 [http-nio-8088-exec-9] INFO  com.couple.space.config.WebConfig - 请求参数: null
2025-04-23 14:36:43 [http-nio-8088-exec-9] INFO  com.couple.space.config.WebConfig - 请求头: Origin=null, Referer=https://servicewechat.com/wx83d5b89b7c837584/devtools/page-frame.html
2025-04-23 14:36:43 [http-nio-8088-exec-9] INFO  c.c.s.c.AnniversaryController - 获取纪念日详情: 2
2025-04-23 14:36:43 [http-nio-8088-exec-9] INFO  c.c.s.s.impl.AnniversaryServiceImpl - 查询纪念日: 2
2025-04-23 14:36:43 [http-nio-8088-exec-9] INFO  c.c.s.s.impl.AnniversaryServiceImpl - 纪念日查询成功
2025-04-23 14:36:45 [http-nio-8088-exec-2] INFO  com.couple.space.config.WebConfig - 收到请求: GET /api/anniversary/detail/1
2025-04-23 14:36:45 [http-nio-8088-exec-2] INFO  com.couple.space.config.WebConfig - 完整URL: http://10.10.88.224:8088/api/anniversary/detail/1
2025-04-23 14:36:45 [http-nio-8088-exec-2] INFO  com.couple.space.config.WebConfig - 请求参数: null
2025-04-23 14:36:45 [http-nio-8088-exec-2] INFO  com.couple.space.config.WebConfig - 请求头: Origin=null, Referer=https://servicewechat.com/wx83d5b89b7c837584/devtools/page-frame.html
2025-04-23 14:36:45 [http-nio-8088-exec-2] INFO  c.c.s.c.AnniversaryController - 获取纪念日详情: 1
2025-04-23 14:36:45 [http-nio-8088-exec-2] INFO  c.c.s.s.impl.AnniversaryServiceImpl - 查询纪念日: 1
2025-04-23 14:36:45 [http-nio-8088-exec-2] INFO  c.c.s.s.impl.AnniversaryServiceImpl - 纪念日查询成功
2025-04-23 14:36:48 [http-nio-8088-exec-6] INFO  com.couple.space.config.WebConfig - 收到请求: GET /api/anniversary/detail/4
2025-04-23 14:36:48 [http-nio-8088-exec-6] INFO  com.couple.space.config.WebConfig - 完整URL: http://10.10.88.224:8088/api/anniversary/detail/4
2025-04-23 14:36:48 [http-nio-8088-exec-6] INFO  com.couple.space.config.WebConfig - 请求参数: null
2025-04-23 14:36:48 [http-nio-8088-exec-6] INFO  com.couple.space.config.WebConfig - 请求头: Origin=null, Referer=https://servicewechat.com/wx83d5b89b7c837584/devtools/page-frame.html
2025-04-23 14:36:48 [http-nio-8088-exec-6] INFO  c.c.s.c.AnniversaryController - 获取纪念日详情: 4
2025-04-23 14:36:48 [http-nio-8088-exec-6] INFO  c.c.s.s.impl.AnniversaryServiceImpl - 查询纪念日: 4
2025-04-23 14:36:48 [http-nio-8088-exec-6] INFO  c.c.s.s.impl.AnniversaryServiceImpl - 纪念日查询成功
2025-04-23 14:36:51 [http-nio-8088-exec-8] INFO  com.couple.space.config.WebConfig - 收到请求: DELETE /api/anniversary/delete/4
2025-04-23 14:36:51 [http-nio-8088-exec-8] INFO  com.couple.space.config.WebConfig - 完整URL: http://10.10.88.224:8088/api/anniversary/delete/4
2025-04-23 14:36:51 [http-nio-8088-exec-8] INFO  com.couple.space.config.WebConfig - 请求参数: null
2025-04-23 14:36:51 [http-nio-8088-exec-8] INFO  com.couple.space.config.WebConfig - 请求头: Origin=null, Referer=https://servicewechat.com/wx83d5b89b7c837584/devtools/page-frame.html
2025-04-23 14:36:51 [http-nio-8088-exec-8] INFO  c.c.s.c.AnniversaryController - 删除纪念日: 4
2025-04-23 14:36:51 [http-nio-8088-exec-8] INFO  c.c.s.s.impl.AnniversaryServiceImpl - 删除纪念日: 4
2025-04-23 14:36:51 [http-nio-8088-exec-8] INFO  c.c.s.s.impl.AnniversaryServiceImpl - 纪念日删除成功
2025-04-23 14:36:51 [http-nio-8088-exec-3] INFO  com.couple.space.config.WebConfig - 收到请求: GET /api/anniversary/list
2025-04-23 14:36:51 [http-nio-8088-exec-3] INFO  com.couple.space.config.WebConfig - 完整URL: http://10.10.88.224:8088/api/anniversary/list
2025-04-23 14:36:51 [http-nio-8088-exec-3] INFO  com.couple.space.config.WebConfig - 请求参数: null
2025-04-23 14:36:51 [http-nio-8088-exec-3] INFO  com.couple.space.config.WebConfig - 请求头: Origin=null, Referer=https://servicewechat.com/wx83d5b89b7c837584/devtools/page-frame.html
2025-04-23 14:36:51 [http-nio-8088-exec-3] INFO  c.c.s.c.AnniversaryController - 获取纪念日列表
2025-04-23 14:36:51 [http-nio-8088-exec-3] INFO  c.c.s.s.impl.AnniversaryServiceImpl - 获取所有纪念日
2025-04-23 14:36:53 [http-nio-8088-exec-10] INFO  com.couple.space.config.WebConfig - 收到请求: GET /api/anniversary/detail/3
2025-04-23 14:36:53 [http-nio-8088-exec-10] INFO  com.couple.space.config.WebConfig - 完整URL: http://10.10.88.224:8088/api/anniversary/detail/3
2025-04-23 14:36:53 [http-nio-8088-exec-10] INFO  com.couple.space.config.WebConfig - 请求参数: null
2025-04-23 14:36:53 [http-nio-8088-exec-10] INFO  com.couple.space.config.WebConfig - 请求头: Origin=null, Referer=https://servicewechat.com/wx83d5b89b7c837584/devtools/page-frame.html
2025-04-23 14:36:53 [http-nio-8088-exec-10] INFO  c.c.s.c.AnniversaryController - 获取纪念日详情: 3
2025-04-23 14:36:53 [http-nio-8088-exec-10] INFO  c.c.s.s.impl.AnniversaryServiceImpl - 查询纪念日: 3
2025-04-23 14:36:53 [http-nio-8088-exec-10] INFO  c.c.s.s.impl.AnniversaryServiceImpl - 纪念日查询成功
2025-04-23 14:36:55 [http-nio-8088-exec-5] INFO  com.couple.space.config.WebConfig - 收到请求: GET /api/anniversary/detail/1
2025-04-23 14:36:55 [http-nio-8088-exec-5] INFO  com.couple.space.config.WebConfig - 完整URL: http://10.10.88.224:8088/api/anniversary/detail/1
2025-04-23 14:36:55 [http-nio-8088-exec-5] INFO  com.couple.space.config.WebConfig - 请求参数: null
2025-04-23 14:36:55 [http-nio-8088-exec-5] INFO  com.couple.space.config.WebConfig - 请求头: Origin=null, Referer=https://servicewechat.com/wx83d5b89b7c837584/devtools/page-frame.html
2025-04-23 14:36:55 [http-nio-8088-exec-5] INFO  c.c.s.c.AnniversaryController - 获取纪念日详情: 1
2025-04-23 14:36:55 [http-nio-8088-exec-5] INFO  c.c.s.s.impl.AnniversaryServiceImpl - 查询纪念日: 1
2025-04-23 14:36:55 [http-nio-8088-exec-5] INFO  c.c.s.s.impl.AnniversaryServiceImpl - 纪念日查询成功
2025-04-23 14:36:56 [http-nio-8088-exec-1] INFO  com.couple.space.config.WebConfig - 收到请求: GET /api/anniversary/detail/2
2025-04-23 14:36:56 [http-nio-8088-exec-1] INFO  com.couple.space.config.WebConfig - 完整URL: http://10.10.88.224:8088/api/anniversary/detail/2
2025-04-23 14:36:56 [http-nio-8088-exec-1] INFO  com.couple.space.config.WebConfig - 请求参数: null
2025-04-23 14:36:56 [http-nio-8088-exec-1] INFO  com.couple.space.config.WebConfig - 请求头: Origin=null, Referer=https://servicewechat.com/wx83d5b89b7c837584/devtools/page-frame.html
2025-04-23 14:36:56 [http-nio-8088-exec-1] INFO  c.c.s.c.AnniversaryController - 获取纪念日详情: 2
2025-04-23 14:36:56 [http-nio-8088-exec-1] INFO  c.c.s.s.impl.AnniversaryServiceImpl - 查询纪念日: 2
2025-04-23 14:36:56 [http-nio-8088-exec-1] INFO  c.c.s.s.impl.AnniversaryServiceImpl - 纪念日查询成功
2025-04-23 14:41:57 [http-nio-8088-exec-7] INFO  com.couple.space.config.WebConfig - 收到请求: GET /api/anniversary/next
2025-04-23 14:41:57 [http-nio-8088-exec-7] INFO  com.couple.space.config.WebConfig - 完整URL: http://10.10.88.224:8088/api/anniversary/next
2025-04-23 14:41:57 [http-nio-8088-exec-7] INFO  com.couple.space.config.WebConfig - 请求参数: null
2025-04-23 14:41:57 [http-nio-8088-exec-7] INFO  com.couple.space.config.WebConfig - 请求头: Origin=null, Referer=https://servicewechat.com/wx83d5b89b7c837584/devtools/page-frame.html
2025-04-23 14:41:57 [http-nio-8088-exec-7] INFO  c.c.s.c.AnniversaryController - 获取下一个纪念日
2025-04-23 14:41:57 [http-nio-8088-exec-7] INFO  c.c.s.s.impl.AnniversaryServiceImpl - 获取所有纪念日
2025-04-23 14:41:57 [http-nio-8088-exec-7] INFO  c.c.s.c.AnniversaryController - 找到下一个纪念日: 领证, 距离还有 43 天
